Building trentos_build:20230615 ...
#1 [internal] load build definition from dockerfile
#1 transferring dockerfile: 606B done
#1 DONE 0.0s

#2 [internal] load .dockerignore
#2 transferring context: 2B done
#2 DONE 0.0s

#3 [internal] load metadata for docker.io/trustworthysystems/camkes:2023_06_12
#3 ...

#4 [auth] trustworthysystems/camkes:pull token for registry-1.docker.io
#4 DONE 0.0s

#3 [internal] load metadata for docker.io/trustworthysystems/camkes:2023_06_12
#3 DONE 1.3s

#5 [1/3] FROM docker.io/trustworthysystems/camkes:2023_06_12@sha256:bd9a90d60bc7300f0c8e5a162ddb06743bb36fe1e17ca36ea5290562ba10018c
#5 CACHED

#6 [internal] load build context
#6 transferring context: 2.54kB done
#6 DONE 0.0s

#7 [2/3] ADD install-package.tgz /tmp/install-scripts/
#7 DONE 0.0s

#8 [3/3] RUN cd /tmp/install-scripts     && ./install-script.sh 1000 user     && rm -rf /tmp/install-scripts /var/tmp/*
#8 0.290 '/tmp/install-scripts/entrypoint.sh' -> '/entrypoint.sh'
#8 0.291 + export DEBIAN_FRONTEND=noninteractive
#8 0.291 + DEBIAN_FRONTEND=noninteractive
#8 0.291 + USER_ID=1000
#8 0.291 + USER_NAME=user
#8 0.291 + apt-get update
#8 0.389 Get:1 http://deb.debian.org/debian bullseye InRelease [116 kB]
#8 0.389 Get:2 http://security.debian.org/debian-security bullseye-security InRelease [48.4 kB]
#8 0.443 Get:3 http://deb.debian.org/debian bullseye-updates InRelease [44.1 kB]
#8 0.621 Get:4 http://security.debian.org/debian-security bullseye-security/main amd64 Packages [245 kB]
#8 0.708 Get:5 http://deb.debian.org/debian bullseye/main amd64 Packages [8,183 kB]
#8 0.723 Get:6 http://security.debian.org/debian-security bullseye-security/main i386 Packages [244 kB]
#8 0.801 Get:7 http://security.debian.org/debian-security bullseye-security/main armel Packages [226 kB]
#8 0.848 Get:8 http://security.debian.org/debian-security bullseye-security/main armhf Packages [241 kB]
#8 2.172 Get:9 http://deb.debian.org/debian bullseye/main i386 Packages [8,122 kB]
#8 3.433 Get:10 http://deb.debian.org/debian bullseye/main armhf Packages [7,949 kB]
#8 4.853 Get:11 http://deb.debian.org/debian bullseye/main armel Packages [7,883 kB]
#8 6.183 Get:12 http://deb.debian.org/debian bullseye-updates/main i386 Packages [15.3 kB]
#8 6.184 Get:13 http://deb.debian.org/debian bullseye-updates/main armhf Packages [12.1 kB]
#8 6.186 Get:14 http://deb.debian.org/debian bullseye-updates/main amd64 Packages [14.8 kB]
#8 6.189 Get:15 http://deb.debian.org/debian bullseye-updates/main armel Packages [12.1 kB]
#8 6.944 Fetched 33.4 MB in 7s (5,026 kB/s)
#8 6.944 Reading package lists...
#8 8.569 + apt-get upgrade -y
#8 8.577 Reading package lists...
#8 10.03 Building dependency tree...
#8 10.50 Reading state information...
#8 10.62 Calculating upgrade...
#8 11.35 The following packages will be upgraded:
#8 11.35   base-files bash bsdutils debian-archive-keyring dpkg grep gzip libc-bin
#8 11.35   libgnutls30 libgssapi-krb5-2 libk5crypto3 libkrb5-3 libkrb5support0 liblzma5
#8 11.35   libpam-modules libpam-modules-bin libpam-runtime libpam0g libseccomp2
#8 11.35   libsmartcols1 libsystemd0 libtasn1-6 libudev1 mount ncurses-base ncurses-bin
#8 11.35   sysvinit-utils tzdata util-linux
#8 11.47 29 upgraded, 0 newly installed, 0 to remove and 0 not upgraded.
#8 11.47 Need to get 11.8 MB of archives.
#8 11.47 After this operation, 193 kB of additional disk space will be used.
#8 11.47 Get:1 http://deb.debian.org/debian bullseye/main amd64 base-files amd64 11.1+deb11u7 [70.1 kB]
#8 11.54 Get:2 http://deb.debian.org/debian bullseye/main amd64 bash amd64 5.1-2+deb11u1 [1,417 kB]
#8 12.44 Get:3 http://deb.debian.org/debian bullseye/main amd64 bsdutils amd64 1:2.36.1-8+deb11u1 [148 kB]
#8 12.50 Get:4 http://deb.debian.org/debian bullseye/main amd64 dpkg amd64 1.20.12 [2,536 kB]
#8 13.70 Get:5 http://deb.debian.org/debian bullseye/main amd64 grep amd64 3.6-1+deb11u1 [398 kB]
#8 13.82 Get:6 http://deb.debian.org/debian bullseye/main amd64 gzip amd64 1.10-4+deb11u1 [132 kB]
#8 13.86 Get:7 http://deb.debian.org/debian bullseye/main amd64 ncurses-bin amd64 6.2+20201114-2+deb11u1 [429 kB]
#8 14.04 Get:8 http://deb.debian.org/debian bullseye/main amd64 util-linux amd64 2.36.1-8+deb11u1 [1,141 kB]
#8 14.48 Get:9 http://deb.debian.org/debian bullseye/main amd64 libc-bin amd64 2.31-13+deb11u6 [824 kB]
#8 14.95 Get:10 http://deb.debian.org/debian bullseye/main amd64 ncurses-base all 6.2+20201114-2+deb11u1 [272 kB]
#8 15.01 Get:11 http://deb.debian.org/debian bullseye/main amd64 sysvinit-utils amd64 2.96-7+deb11u1 [25.6 kB]
#8 15.02 Get:12 http://deb.debian.org/debian bullseye/main amd64 libpam0g amd64 1.4.0-9+deb11u1 [129 kB]
#8 15.05 Get:13 http://deb.debian.org/debian bullseye/main amd64 libpam-modules-bin amd64 1.4.0-9+deb11u1 [108 kB]
#8 15.08 Get:14 http://deb.debian.org/debian bullseye/main amd64 libpam-modules amd64 1.4.0-9+deb11u1 [326 kB]
#8 15.26 Get:15 http://deb.debian.org/debian bullseye/main amd64 libsystemd0 amd64 247.3-7+deb11u2 [376 kB]
#8 15.41 Get:16 http://deb.debian.org/debian bullseye/main amd64 mount amd64 2.36.1-8+deb11u1 [186 kB]
#8 15.45 Get:17 http://deb.debian.org/debian bullseye/main amd64 libpam-runtime all 1.4.0-9+deb11u1 [207 kB]
#8 15.50 Get:18 http://deb.debian.org/debian bullseye/main amd64 debian-archive-keyring all 2021.1.1+deb11u1 [110 kB]
#8 15.54 Get:19 http://deb.debian.org/debian bullseye/main amd64 libtasn1-6 amd64 4.16.0-2+deb11u1 [54.9 kB]
#8 15.58 Get:20 http://deb.debian.org/debian bullseye/main amd64 libgnutls30 amd64 3.7.1-5+deb11u3 [1,340 kB]
#8 15.98 Get:21 http://deb.debian.org/debian bullseye/main amd64 libk5crypto3 amd64 1.18.3-6+deb11u3 [114 kB]
#8 16.01 Get:22 http://deb.debian.org/debian bullseye/main amd64 libkrb5support0 amd64 1.18.3-6+deb11u3 [65.5 kB]
#8 16.02 Get:23 http://deb.debian.org/debian bullseye/main amd64 libkrb5-3 amd64 1.18.3-6+deb11u3 [364 kB]
#8 16.19 Get:24 http://deb.debian.org/debian bullseye/main amd64 libgssapi-krb5-2 amd64 1.18.3-6+deb11u3 [165 kB]
#8 16.25 Get:25 http://deb.debian.org/debian bullseye/main amd64 liblzma5 amd64 5.2.5-2.1~deb11u1 [168 kB]
#8 16.28 Get:26 http://deb.debian.org/debian bullseye/main amd64 libseccomp2 amd64 2.5.1-1+deb11u1 [48.5 kB]
#8 16.29 Get:27 http://deb.debian.org/debian bullseye/main amd64 libsmartcols1 amd64 2.36.1-8+deb11u1 [158 kB]
#8 16.33 Get:28 http://deb.debian.org/debian bullseye/main amd64 libudev1 amd64 247.3-7+deb11u2 [168 kB]
#8 16.36 Get:29 http://deb.debian.org/debian bullseye/main amd64 tzdata all 2021a-1+deb11u10 [286 kB]
#8 16.68 debconf: delaying package configuration, since apt-utils is not installed
#8 16.77 Fetched 11.8 MB in 5s (2,334 kB/s)
(Reading database ... 39933 files and directories currently installed.)
#8 16.84 Preparing to unpack .../base-files_11.1+deb11u7_amd64.deb ...
#8 16.86 Unpacking base-files (11.1+deb11u7) over (11.1) ...
#8 17.09 Setting up base-files (11.1+deb11u7) ...
#8 17.09 Installing new version of config file /etc/debian_version ...
(Reading database ... 39933 files and directories currently installed.)
#8 17.31 Preparing to unpack .../bash_5.1-2+deb11u1_amd64.deb ...
#8 17.32 update-alternatives: warning: alternative /usr/share/man/man7/bash-builtins.7.gz (part of link group builtins.7.gz) doesn't exist; removing from list of alternatives
#8 17.32 update-alternatives: warning: /etc/alternatives/builtins.7.gz is dangling; it will be updated with best choice
#8 17.35 Unpacking bash (5.1-2+deb11u1) over (5.1-2+b3) ...
#8 17.54 Setting up bash (5.1-2+deb11u1) ...
#8 17.58 update-alternatives: error: alternative path /usr/share/man/man7/bash-builtins.7.gz doesn't exist
(Reading database ... 39932 files and directories currently installed.)
#8 17.69 Preparing to unpack .../bsdutils_1%3a2.36.1-8+deb11u1_amd64.deb ...
#8 17.71 Unpacking bsdutils (1:2.36.1-8+deb11u1) over (1:2.36.1-8) ...
#8 17.87 Setting up bsdutils (1:2.36.1-8+deb11u1) ...
(Reading database ... 39932 files and directories currently installed.)
#8 18.00 Preparing to unpack .../dpkg_1.20.12_amd64.deb ...
#8 18.02 Unpacking dpkg (1.20.12) over (1.20.9) ...
#8 18.36 Setting up dpkg (1.20.12) ...
(Reading database ... 39941 files and directories currently installed.)
#8 18.53 Preparing to unpack .../grep_3.6-1+deb11u1_amd64.deb ...
#8 18.55 Unpacking grep (3.6-1+deb11u1) over (3.6-1) ...
#8 18.66 Setting up grep (3.6-1+deb11u1) ...
(Reading database ... 39941 files and directories currently installed.)
#8 18.75 Preparing to unpack .../gzip_1.10-4+deb11u1_amd64.deb ...
#8 18.77 Unpacking gzip (1.10-4+deb11u1) over (1.10-4) ...
#8 18.94 Setting up gzip (1.10-4+deb11u1) ...
(Reading database ... 39941 files and directories currently installed.)
#8 19.07 Preparing to unpack .../ncurses-bin_6.2+20201114-2+deb11u1_amd64.deb ...
#8 19.09 Unpacking ncurses-bin (6.2+20201114-2+deb11u1) over (6.2+20201114-2) ...
#8 19.23 Setting up ncurses-bin (6.2+20201114-2+deb11u1) ...
(Reading database ... 39941 files and directories currently installed.)
#8 19.38 Preparing to unpack .../util-linux_2.36.1-8+deb11u1_amd64.deb ...
#8 19.40 Unpacking util-linux (2.36.1-8+deb11u1) over (2.36.1-8) ...
#8 20.26 Setting up util-linux (2.36.1-8+deb11u1) ...
#8 20.34 update-alternatives: warning: forcing reinstallation of alternative /bin/more because link group pager is broken
#8 20.34 update-alternatives: warning: skip creation of /usr/share/man/man1/pager.1.gz because associated file /usr/share/man/man1/more.1.gz (of link group pager) doesn't exist
(Reading database ... 39941 files and directories currently installed.)
#8 20.59 Preparing to unpack .../libc-bin_2.31-13+deb11u6_amd64.deb ...
#8 20.61 Unpacking libc-bin (2.31-13+deb11u6) over (2.31-13) ...
#8 20.94 Setting up libc-bin (2.31-13+deb11u6) ...
(Reading database ... 39941 files and directories currently installed.)
#8 21.13 Preparing to unpack .../ncurses-base_6.2+20201114-2+deb11u1_all.deb ...
#8 21.15 Unpacking ncurses-base (6.2+20201114-2+deb11u1) over (6.2+20201114-2) ...
#8 21.49 Setting up ncurses-base (6.2+20201114-2+deb11u1) ...
(Reading database ... 39941 files and directories currently installed.)
#8 21.60 Preparing to unpack .../sysvinit-utils_2.96-7+deb11u1_amd64.deb ...
#8 21.62 Unpacking sysvinit-utils (2.96-7+deb11u1) over (2.96-7) ...
#8 21.70 Setting up sysvinit-utils (2.96-7+deb11u1) ...
(Reading database ... 39941 files and directories currently installed.)
#8 21.82 Preparing to unpack .../libpam0g_1.4.0-9+deb11u1_amd64.deb ...
#8 21.85 Unpacking libpam0g:amd64 (1.4.0-9+deb11u1) over (1.4.0-9) ...
#8 21.97 Setting up libpam0g:amd64 (1.4.0-9+deb11u1) ...
(Reading database ... 39941 files and directories currently installed.)
#8 22.18 Preparing to unpack .../libpam-modules-bin_1.4.0-9+deb11u1_amd64.deb ...
#8 22.20 Unpacking libpam-modules-bin (1.4.0-9+deb11u1) over (1.4.0-9) ...
#8 22.35 Setting up libpam-modules-bin (1.4.0-9+deb11u1) ...
(Reading database ... 39941 files and directories currently installed.)
#8 22.51 Preparing to unpack .../libpam-modules_1.4.0-9+deb11u1_amd64.deb ...
#8 22.59 Unpacking libpam-modules:amd64 (1.4.0-9+deb11u1) over (1.4.0-9) ...
#8 22.93 Setting up libpam-modules:amd64 (1.4.0-9+deb11u1) ...
(Reading database ... 39941 files and directories currently installed.)
#8 23.16 Preparing to unpack .../libsystemd0_247.3-7+deb11u2_amd64.deb ...
#8 23.18 Unpacking libsystemd0:amd64 (247.3-7+deb11u2) over (247.3-6) ...
#8 23.32 Setting up libsystemd0:amd64 (247.3-7+deb11u2) ...
(Reading database ... 39941 files and directories currently installed.)
#8 23.40 Preparing to unpack .../mount_2.36.1-8+deb11u1_amd64.deb ...
#8 23.42 Unpacking mount (2.36.1-8+deb11u1) over (2.36.1-8) ...
#8 23.57 Preparing to unpack .../libpam-runtime_1.4.0-9+deb11u1_all.deb ...
#8 23.60 Unpacking libpam-runtime (1.4.0-9+deb11u1) over (1.4.0-9) ...
#8 23.76 Setting up libpam-runtime (1.4.0-9+deb11u1) ...
(Reading database ... 39941 files and directories currently installed.)
#8 24.04 Preparing to unpack .../debian-archive-keyring_2021.1.1+deb11u1_all.deb ...
#8 24.19 Unpacking debian-archive-keyring (2021.1.1+deb11u1) over (2021.1.1) ...
#8 24.36 Setting up debian-archive-keyring (2021.1.1+deb11u1) ...
#8 24.46 Removing obsolete conffile /etc/apt/trusted.gpg.d/debian-archive-stretch-automatic.gpg ...
#8 24.46 Removing obsolete conffile /etc/apt/trusted.gpg.d/debian-archive-stretch-security-automatic.gpg ...
#8 24.47 Removing obsolete conffile /etc/apt/trusted.gpg.d/debian-archive-stretch-stable.gpg ...
(Reading database ... 39941 files and directories currently installed.)
#8 24.55 Preparing to unpack .../libtasn1-6_4.16.0-2+deb11u1_amd64.deb ...
#8 24.57 Unpacking libtasn1-6:amd64 (4.16.0-2+deb11u1) over (4.16.0-2) ...
#8 24.64 Setting up libtasn1-6:amd64 (4.16.0-2+deb11u1) ...
(Reading database ... 39941 files and directories currently installed.)
#8 24.73 Preparing to unpack .../libgnutls30_3.7.1-5+deb11u3_amd64.deb ...
#8 24.75 Unpacking libgnutls30:amd64 (3.7.1-5+deb11u3) over (3.7.1-5) ...
#8 24.95 Setting up libgnutls30:amd64 (3.7.1-5+deb11u3) ...
(Reading database ... 39941 files and directories currently installed.)
#8 25.08 Preparing to unpack .../libk5crypto3_1.18.3-6+deb11u3_amd64.deb ...
#8 25.10 Unpacking libk5crypto3:amd64 (1.18.3-6+deb11u3) over (1.18.3-6) ...
#8 25.21 Setting up libk5crypto3:amd64 (1.18.3-6+deb11u3) ...
(Reading database ... 39941 files and directories currently installed.)
#8 25.32 Preparing to unpack .../libkrb5support0_1.18.3-6+deb11u3_amd64.deb ...
#8 25.34 Unpacking libkrb5support0:amd64 (1.18.3-6+deb11u3) over (1.18.3-6) ...
#8 25.41 Setting up libkrb5support0:amd64 (1.18.3-6+deb11u3) ...
(Reading database ... 39941 files and directories currently installed.)
#8 25.54 Preparing to unpack .../libkrb5-3_1.18.3-6+deb11u3_amd64.deb ...
#8 25.56 Unpacking libkrb5-3:amd64 (1.18.3-6+deb11u3) over (1.18.3-6) ...
#8 25.70 Setting up libkrb5-3:amd64 (1.18.3-6+deb11u3) ...
(Reading database ... 39941 files and directories currently installed.)
#8 25.80 Preparing to unpack .../libgssapi-krb5-2_1.18.3-6+deb11u3_amd64.deb ...
#8 25.82 Unpacking libgssapi-krb5-2:amd64 (1.18.3-6+deb11u3) over (1.18.3-6) ...
#8 25.90 Setting up libgssapi-krb5-2:amd64 (1.18.3-6+deb11u3) ...
(Reading database ... 39941 files and directories currently installed.)
#8 26.01 Preparing to unpack .../liblzma5_5.2.5-2.1~deb11u1_amd64.deb ...
#8 26.03 Unpacking liblzma5:amd64 (5.2.5-2.1~deb11u1) over (5.2.5-2) ...
#8 26.15 Setting up liblzma5:amd64 (5.2.5-2.1~deb11u1) ...
(Reading database ... 39941 files and directories currently installed.)
#8 26.26 Preparing to unpack .../libseccomp2_2.5.1-1+deb11u1_amd64.deb ...
#8 26.28 Unpacking libseccomp2:amd64 (2.5.1-1+deb11u1) over (2.5.1-1) ...
#8 26.36 Setting up libseccomp2:amd64 (2.5.1-1+deb11u1) ...
(Reading database ... 39941 files and directories currently installed.)
#8 26.46 Preparing to unpack .../libsmartcols1_2.36.1-8+deb11u1_amd64.deb ...
#8 26.48 Unpacking libsmartcols1:amd64 (2.36.1-8+deb11u1) over (2.36.1-8) ...
#8 26.56 Setting up libsmartcols1:amd64 (2.36.1-8+deb11u1) ...
(Reading database ... 39941 files and directories currently installed.)
#8 26.64 Preparing to unpack .../libudev1_247.3-7+deb11u2_amd64.deb ...
#8 26.66 Unpacking libudev1:amd64 (247.3-7+deb11u2) over (247.3-6) ...
#8 26.78 Setting up libudev1:amd64 (247.3-7+deb11u2) ...
(Reading database ... 39941 files and directories currently installed.)
#8 26.88 Preparing to unpack .../tzdata_2021a-1+deb11u10_all.deb ...
#8 26.90 Unpacking tzdata (2021a-1+deb11u10) over (2021a-1) ...
#8 32.29 Setting up tzdata (2021a-1+deb11u10) ...
#8 32.36
#8 32.36 Current default time zone: 'Etc/UTC'
#8 32.36 Local time is now:      Thu Jun 15 15:38:30 UTC 2023.
#8 32.36 Universal Time is now:  Thu Jun 15 15:38:30 UTC 2023.
#8 32.36 Run 'dpkg-reconfigure tzdata' if you wish to change it.
#8 32.36
#8 32.39 Setting up mount (2.36.1-8+deb11u1) ...
#8 32.41 Processing triggers for libc-bin (2.31-13+deb11u6) ...
#8 32.53 + apt-get clean autoclean
#8 32.55 + apt-get autoremove --yes --purge
#8 32.57 Reading package lists...
#8 33.97 Building dependency tree...
#8 34.45 Reading state information...
#8 35.10 0 upgraded, 0 newly installed, 0 to remove and 0 not upgraded.
#8 35.10 + useradd --create-home --uid 1000 -G sudo,stack user
#8 35.20 + passwd -d user
#8 35.22 passwd: password expiry information changed.
#8 35.22 + ln -s /etc/stack/ /home/user/.stack
#8 35.23 + echo 'export PATH=/scripts/repo:$PATH'
#8 35.23 + PACKAGES=(nano mc clang-tidy graphviz cargo rustc cppcheck check iwyu lcov libgtest-dev libxml2-dev)
#8 35.23 + apt-get install --no-install-recommends -y nano mc clang-tidy graphviz cargo rustc cppcheck check iwyu lcov libgtest-dev libxml2-dev
#8 35.26 Reading package lists...
#8 36.70 Building dependency tree...
#8 37.17 Reading state information...
#8 37.70 The following additional packages will be installed:
#8 37.70   clang-tidy-11 clang-tools-11 fontconfig fontconfig-config fonts-dejavu-core
#8 37.70   googletest icu-devtools libann0 libcairo2 libcdt5 libcgraph6 libdatrie1
#8 37.70   libdeflate0 libfontconfig1 libfreetype6 libfribidi0 libgd3 libgit2-1.1
#8 37.70   libgpm2 libgraphite2-3 libgts-0.7-5 libgvc6 libgvpr2 libharfbuzz0b
#8 37.70   libhttp-parser2.9 libice6 libicu-dev libjbig0 libjson-perl liblab-gamut1
#8 37.70   libltdl7 libmbedcrypto3 libmbedtls12 libmbedx509-0 libpango-1.0-0
#8 37.71   libpangocairo-1.0-0 libpangoft2-1.0-0 libpathplan4 libperlio-gzip-perl
#8 37.71   libslang2 libsm6 libstd-rust-1.48 libstd-rust-dev libsubunit-dev libsubunit0
#8 37.71   libthai-data libthai0 libtiff5 libtinyxml2-8 libwebp6 libxaw7 libxcb-render0
#8 37.71   libxcb-shm0 libxext6 libxmu6 libxpm4 libxrender1 libxt6 mc-data
#8 37.71   python3-pygments python3-yaml x11-common
#8 37.71 Suggested packages:
#8 37.71   cargo-doc cppcheck-gui clang gsfonts graphviz-doc libgd-tools gpm icu-doc
#8 37.71   arj catdvi | texlive-binaries dbview djvulibre-bin epub-utils gv imagemagick
#8 37.71   libaspell-dev links | w3m | lynx odt2txt poppler-utils python python-boto
#8 37.71   python-tz unar wimtools xpdf | pdf-viewer zip hunspell python-pygments-doc
#8 37.71   ttf-bitstream-vera rust-doc rust-src lld-11
#8 37.71 Recommended packages:
#8 37.71   fonts-liberation libgd-gd2-perl libgts-bin libjson-xs-perl mime-support
#8 37.71   unzip cargo rust-gdb | rust-lldb
#8 38.25 The following NEW packages will be installed:
#8 38.25   cargo check clang-tidy clang-tidy-11 clang-tools-11 cppcheck fontconfig
#8 38.25   fontconfig-config fonts-dejavu-core googletest graphviz icu-devtools iwyu
#8 38.25   lcov libann0 libcairo2 libcdt5 libcgraph6 libdatrie1 libdeflate0
#8 38.25   libfontconfig1 libfreetype6 libfribidi0 libgd3 libgit2-1.1 libgpm2
#8 38.25   libgraphite2-3 libgtest-dev libgts-0.7-5 libgvc6 libgvpr2 libharfbuzz0b
#8 38.25   libhttp-parser2.9 libice6 libicu-dev libjbig0 libjson-perl liblab-gamut1
#8 38.25   libltdl7 libmbedcrypto3 libmbedtls12 libmbedx509-0 libpango-1.0-0
#8 38.25   libpangocairo-1.0-0 libpangoft2-1.0-0 libpathplan4 libperlio-gzip-perl
#8 38.25   libslang2 libsm6 libstd-rust-1.48 libstd-rust-dev libsubunit-dev libsubunit0
#8 38.25   libthai-data libthai0 libtiff5 libtinyxml2-8 libwebp6 libxaw7 libxcb-render0
#8 38.25   libxcb-shm0 libxext6 libxml2-dev libxmu6 libxpm4 libxrender1 libxt6 mc
#8 38.25   mc-data nano python3-pygments python3-yaml rustc x11-common
#8 38.39 0 upgraded, 74 newly installed, 0 to remove and 0 not upgraded.
#8 38.39 Need to get 91.1 MB of archives.
#8 38.39 After this operation, 413 MB of additional disk space will be used.
#8 38.39 Get:1 http://deb.debian.org/debian bullseye/main amd64 nano amd64 5.4-2+deb11u2 [657 kB]
#8 38.39 Get:2 http://security.debian.org/debian-security bullseye-security/main amd64 libwebp6 amd64 0.6.1-2.1+deb11u1 [258 kB]
#8 38.52 Get:3 http://deb.debian.org/debian bullseye/main amd64 libhttp-parser2.9 amd64 2.9.4-4+deb11u1 [22.2 kB]
#8 38.53 Get:4 http://deb.debian.org/debian bullseye/main amd64 libmbedcrypto3 amd64 2.16.9-0.1 [219 kB]
#8 38.54 Get:5 http://deb.debian.org/debian bullseye/main amd64 libmbedx509-0 amd64 2.16.9-0.1 [109 kB]
#8 38.54 Get:6 http://deb.debian.org/debian bullseye/main amd64 libmbedtls12 amd64 2.16.9-0.1 [139 kB]
#8 38.54 Get:7 http://deb.debian.org/debian bullseye/main amd64 libgit2-1.1 amd64 1.1.0+dfsg.1-4+deb11u1 [444 kB]
#8 38.58 Get:8 http://deb.debian.org/debian bullseye/main amd64 libstd-rust-1.48 amd64 1.48.0+dfsg1-2 [20.7 MB]
#8 40.37 Get:9 http://deb.debian.org/debian bullseye/main amd64 libstd-rust-dev amd64 1.48.0+dfsg1-2 [29.5 MB]
#8 43.13 Get:10 http://deb.debian.org/debian bullseye/main amd64 rustc amd64 1.48.0+dfsg1-2 [2,049 kB]
#8 43.30 Get:11 http://deb.debian.org/debian bullseye/main amd64 cargo amd64 0.47.0-3+b1 [2,870 kB]
#8 43.57 Get:12 http://deb.debian.org/debian bullseye/main amd64 libsubunit0 amd64 1.4.0-3 [9,724 B]
#8 43.57 Get:13 http://deb.debian.org/debian bullseye/main amd64 libsubunit-dev amd64 1.4.0-3 [10.7 kB]
#8 43.58 Get:14 http://deb.debian.org/debian bullseye/main amd64 check amd64 0.15.2-2 [115 kB]
#8 43.59 Get:15 http://deb.debian.org/debian bullseye/main amd64 clang-tools-11 amd64 1:11.0.1-2 [5,708 kB]
#8 44.13 Get:16 http://deb.debian.org/debian bullseye/main amd64 python3-yaml amd64 5.3.1-5 [138 kB]
#8 44.14 Get:17 http://deb.debian.org/debian bullseye/main amd64 clang-tidy-11 amd64 1:11.0.1-2 [1,097 kB]
#8 44.24 Get:18 http://deb.debian.org/debian bullseye/main amd64 clang-tidy amd64 1:11.0-51+nmu5 [8,628 B]
#8 44.24 Get:19 http://deb.debian.org/debian bullseye/main amd64 libtinyxml2-8 amd64 8.0.0+dfsg-2 [30.2 kB]
#8 44.24 Get:20 http://deb.debian.org/debian bullseye/main amd64 python3-pygments all 2.7.1+dfsg-2.1 [657 kB]
#8 44.31 Get:21 http://deb.debian.org/debian bullseye/main amd64 cppcheck amd64 2.3-1 [1,706 kB]
#8 44.47 Get:22 http://deb.debian.org/debian bullseye/main amd64 libfreetype6 amd64 2.10.4+dfsg-1+deb11u1 [418 kB]
#8 44.50 Get:23 http://deb.debian.org/debian bullseye/main amd64 fonts-dejavu-core all 2.37-2 [1,069 kB]
#8 44.60 Get:24 http://deb.debian.org/debian bullseye/main amd64 fontconfig-config all 2.13.1-4.2 [281 kB]
#8 44.64 Get:25 http://deb.debian.org/debian bullseye/main amd64 libfontconfig1 amd64 2.13.1-4.2 [347 kB]
#8 44.66 Get:26 http://deb.debian.org/debian bullseye/main amd64 fontconfig amd64 2.13.1-4.2 [417 kB]
#8 44.70 Get:27 http://deb.debian.org/debian bullseye/main amd64 googletest all 1.10.0.20201025-1.1 [629 kB]
#8 44.76 Get:28 http://deb.debian.org/debian bullseye/main amd64 libann0 amd64 1.1.2+doc-7 [25.3 kB]
#8 44.77 Get:29 http://deb.debian.org/debian bullseye/main amd64 libcdt5 amd64 2.42.2-5 [62.2 kB]
#8 44.77 Get:30 http://deb.debian.org/debian bullseye/main amd64 libcgraph6 amd64 2.42.2-5 [85.5 kB]
#8 44.78 Get:31 http://deb.debian.org/debian bullseye/main amd64 libdeflate0 amd64 1.7-1 [53.1 kB]
#8 44.78 Get:32 http://deb.debian.org/debian bullseye/main amd64 libjbig0 amd64 2.1-3.1+b2 [31.0 kB]
#8 44.79 Get:33 http://deb.debian.org/debian bullseye/main amd64 libtiff5 amd64 4.2.0-1+deb11u4 [290 kB]
#8 44.81 Get:34 http://deb.debian.org/debian bullseye/main amd64 libxpm4 amd64 1:3.5.12-1.1~deb11u1 [49.6 kB]
#8 44.83 Get:35 http://deb.debian.org/debian bullseye/main amd64 libgd3 amd64 2.3.0-2 [137 kB]
#8 44.84 Get:36 http://deb.debian.org/debian bullseye/main amd64 libgts-0.7-5 amd64 0.7.6+darcs121130-4+b1 [158 kB]
#8 44.86 Get:37 http://deb.debian.org/debian bullseye/main amd64 libxcb-render0 amd64 1.14-3 [111 kB]
#8 44.87 Get:38 http://deb.debian.org/debian bullseye/main amd64 libxcb-shm0 amd64 1.14-3 [101 kB]
#8 44.89 Get:39 http://deb.debian.org/debian bullseye/main amd64 libxext6 amd64 2:1.3.3-1.1 [52.7 kB]
#8 44.89 Get:40 http://deb.debian.org/debian bullseye/main amd64 libxrender1 amd64 1:0.9.10-1 [33.0 kB]
#8 44.89 Get:41 http://deb.debian.org/debian bullseye/main amd64 libcairo2 amd64 1.16.0-5 [694 kB]
#8 44.95 Get:42 http://deb.debian.org/debian bullseye/main amd64 libltdl7 amd64 2.4.6-15 [391 kB]
#8 44.99 Get:43 http://deb.debian.org/debian bullseye/main amd64 libfribidi0 amd64 1.0.8-2+deb11u1 [64.9 kB]
#8 44.99 Get:44 http://deb.debian.org/debian bullseye/main amd64 libgraphite2-3 amd64 1.3.14-1 [81.2 kB]
#8 45.01 Get:45 http://deb.debian.org/debian bullseye/main amd64 libharfbuzz0b amd64 2.7.4-1 [1,471 kB]
#8 45.15 Get:46 http://deb.debian.org/debian bullseye/main amd64 libthai-data all 0.1.28-3 [170 kB]
#8 45.17 Get:47 http://deb.debian.org/debian bullseye/main amd64 libdatrie1 amd64 0.2.13-1 [42.7 kB]
#8 45.17 Get:48 http://deb.debian.org/debian bullseye/main amd64 libthai0 amd64 0.1.28-3 [54.2 kB]
#8 45.19 Get:49 http://deb.debian.org/debian bullseye/main amd64 libpango-1.0-0 amd64 1.46.2-3 [191 kB]
#8 45.20 Get:50 http://deb.debian.org/debian bullseye/main amd64 libpangoft2-1.0-0 amd64 1.46.2-3 [62.2 kB]
#8 45.20 Get:51 http://deb.debian.org/debian bullseye/main amd64 libpangocairo-1.0-0 amd64 1.46.2-3 [50.6 kB]
#8 45.20 Get:52 http://deb.debian.org/debian bullseye/main amd64 libpathplan4 amd64 2.42.2-5 [64.3 kB]
#8 45.23 Get:53 http://deb.debian.org/debian bullseye/main amd64 libgvc6 amd64 2.42.2-5 [695 kB]
#8 45.29 Get:54 http://deb.debian.org/debian bullseye/main amd64 libgvpr2 amd64 2.42.2-5 [212 kB]
#8 45.31 Get:55 http://deb.debian.org/debian bullseye/main amd64 liblab-gamut1 amd64 2.42.2-5 [221 kB]
#8 45.33 Get:56 http://deb.debian.org/debian bullseye/main amd64 x11-common all 1:7.7+22 [252 kB]
#8 45.35 Get:57 http://deb.debian.org/debian bullseye/main amd64 libice6 amd64 2:1.0.10-1 [58.5 kB]
#8 45.35 Get:58 http://deb.debian.org/debian bullseye/main amd64 libsm6 amd64 2:1.2.3-1 [35.1 kB]
#8 45.36 Get:59 http://deb.debian.org/debian bullseye/main amd64 libxt6 amd64 1:1.2.0-1 [189 kB]
#8 45.38 Get:60 http://deb.debian.org/debian bullseye/main amd64 libxmu6 amd64 2:1.1.2-2+b3 [60.8 kB]
#8 45.40 Get:61 http://deb.debian.org/debian bullseye/main amd64 libxaw7 amd64 2:1.0.13-1.1 [202 kB]
#8 45.41 Get:62 http://deb.debian.org/debian bullseye/main amd64 graphviz amd64 2.42.2-5 [632 kB]
#8 45.46 Get:63 http://deb.debian.org/debian bullseye/main amd64 icu-devtools amd64 67.1-7 [201 kB]
#8 45.47 Get:64 http://deb.debian.org/debian bullseye/main amd64 iwyu amd64 8.15-2 [892 kB]
#8 45.57 Get:65 http://deb.debian.org/debian bullseye/main amd64 libjson-perl all 4.03000-1 [88.6 kB]
#8 45.57 Get:66 http://deb.debian.org/debian bullseye/main amd64 libperlio-gzip-perl amd64 0.19-1+b7 [17.4 kB]
#8 45.58 Get:67 http://deb.debian.org/debian bullseye/main amd64 lcov all 1.14-2 [138 kB]
#8 45.60 Get:68 http://deb.debian.org/debian bullseye/main amd64 libgpm2 amd64 1.20.7-8 [35.6 kB]
#8 45.60 Get:69 http://deb.debian.org/debian bullseye/main amd64 libgtest-dev amd64 1.10.0.20201025-1.1 [226 kB]
#8 45.61 Get:70 http://deb.debian.org/debian bullseye/main amd64 libicu-dev amd64 67.1-7 [9,597 kB]
#8 46.55 Get:71 http://deb.debian.org/debian bullseye/main amd64 libslang2 amd64 2.3.2-5 [509 kB]
#8 46.59 Get:72 http://deb.debian.org/debian bullseye/main amd64 libxml2-dev amd64 2.9.10+dfsg-6.7+deb11u4 [790 kB]
#8 46.66 Get:73 http://deb.debian.org/debian bullseye/main amd64 mc-data all 3:4.8.26-1.1 [1,346 kB]
#8 46.79 Get:74 http://deb.debian.org/debian bullseye/main amd64 mc amd64 3:4.8.26-1.1 [534 kB]
#8 47.08 debconf: delaying package configuration, since apt-utils is not installed
#8 47.16 Fetched 91.1 MB in 9s (10.6 MB/s)
#8 47.20 Selecting previously unselected package nano.
(Reading database ... 39944 files and directories currently installed.)
#8 47.22 Preparing to unpack .../00-nano_5.4-2+deb11u2_amd64.deb ...
#8 47.23 Unpacking nano (5.4-2+deb11u2) ...
#8 47.35 Selecting previously unselected package libhttp-parser2.9:amd64.
#8 47.36 Preparing to unpack .../01-libhttp-parser2.9_2.9.4-4+deb11u1_amd64.deb ...
#8 47.38 Unpacking libhttp-parser2.9:amd64 (2.9.4-4+deb11u1) ...
#8 47.46 Selecting previously unselected package libmbedcrypto3:amd64.
#8 47.47 Preparing to unpack .../02-libmbedcrypto3_2.16.9-0.1_amd64.deb ...
#8 47.48 Unpacking libmbedcrypto3:amd64 (2.16.9-0.1) ...
#8 47.56 Selecting previously unselected package libmbedx509-0:amd64.
#8 47.57 Preparing to unpack .../03-libmbedx509-0_2.16.9-0.1_amd64.deb ...
#8 47.57 Unpacking libmbedx509-0:amd64 (2.16.9-0.1) ...
#8 47.68 Selecting previously unselected package libmbedtls12:amd64.
#8 47.69 Preparing to unpack .../04-libmbedtls12_2.16.9-0.1_amd64.deb ...
#8 47.70 Unpacking libmbedtls12:amd64 (2.16.9-0.1) ...
#8 47.80 Selecting previously unselected package libgit2-1.1:amd64.
#8 47.81 Preparing to unpack .../05-libgit2-1.1_1.1.0+dfsg.1-4+deb11u1_amd64.deb ...
#8 47.82 Unpacking libgit2-1.1:amd64 (1.1.0+dfsg.1-4+deb11u1) ...
#8 47.95 Selecting previously unselected package libstd-rust-1.48:amd64.
#8 47.95 Preparing to unpack .../06-libstd-rust-1.48_1.48.0+dfsg1-2_amd64.deb ...
#8 47.96 Unpacking libstd-rust-1.48:amd64 (1.48.0+dfsg1-2) ...
#8 49.32 Selecting previously unselected package libstd-rust-dev:amd64.
#8 49.32 Preparing to unpack .../07-libstd-rust-dev_1.48.0+dfsg1-2_amd64.deb ...
#8 49.33 Unpacking libstd-rust-dev:amd64 (1.48.0+dfsg1-2) ...
#8 51.36 Selecting previously unselected package rustc.
#8 51.36 Preparing to unpack .../08-rustc_1.48.0+dfsg1-2_amd64.deb ...
#8 51.36 Unpacking rustc (1.48.0+dfsg1-2) ...
#8 51.53 Selecting previously unselected package cargo.
#8 51.54 Preparing to unpack .../09-cargo_0.47.0-3+b1_amd64.deb ...
#8 51.55 Unpacking cargo (0.47.0-3+b1) ...
#8 51.83 Selecting previously unselected package libsubunit0:amd64.
#8 51.84 Preparing to unpack .../10-libsubunit0_1.4.0-3_amd64.deb ...
#8 51.84 Unpacking libsubunit0:amd64 (1.4.0-3) ...
#8 51.91 Selecting previously unselected package libsubunit-dev:amd64.
#8 51.92 Preparing to unpack .../11-libsubunit-dev_1.4.0-3_amd64.deb ...
#8 51.93 Unpacking libsubunit-dev:amd64 (1.4.0-3) ...
#8 52.00 Selecting previously unselected package check:amd64.
#8 52.01 Preparing to unpack .../12-check_0.15.2-2_amd64.deb ...
#8 52.02 Unpacking check:amd64 (0.15.2-2) ...
#8 52.10 Selecting previously unselected package clang-tools-11.
#8 52.11 Preparing to unpack .../13-clang-tools-11_1%3a11.0.1-2_amd64.deb ...
#8 52.12 Unpacking clang-tools-11 (1:11.0.1-2) ...
#8 52.57 Selecting previously unselected package python3-yaml.
#8 52.58 Preparing to unpack .../14-python3-yaml_5.3.1-5_amd64.deb ...
#8 52.59 Unpacking python3-yaml (5.3.1-5) ...
#8 52.66 Selecting previously unselected package clang-tidy-11.
#8 52.67 Preparing to unpack .../15-clang-tidy-11_1%3a11.0.1-2_amd64.deb ...
#8 52.68 Unpacking clang-tidy-11 (1:11.0.1-2) ...
#8 52.85 Selecting previously unselected package clang-tidy.
#8 52.86 Preparing to unpack .../16-clang-tidy_1%3a11.0-51+nmu5_amd64.deb ...
#8 52.87 Unpacking clang-tidy (1:11.0-51+nmu5) ...
#8 52.95 Selecting previously unselected package libtinyxml2-8:amd64.
#8 52.96 Preparing to unpack .../17-libtinyxml2-8_8.0.0+dfsg-2_amd64.deb ...
#8 52.97 Unpacking libtinyxml2-8:amd64 (8.0.0+dfsg-2) ...
#8 53.06 Selecting previously unselected package python3-pygments.
#8 53.07 Preparing to unpack .../18-python3-pygments_2.7.1+dfsg-2.1_all.deb ...
#8 53.08 Unpacking python3-pygments (2.7.1+dfsg-2.1) ...
#8 53.20 Selecting previously unselected package cppcheck.
#8 53.21 Preparing to unpack .../19-cppcheck_2.3-1_amd64.deb ...
#8 53.22 Unpacking cppcheck (2.3-1) ...
#8 53.43 Selecting previously unselected package libfreetype6:amd64.
#8 53.44 Preparing to unpack .../20-libfreetype6_2.10.4+dfsg-1+deb11u1_amd64.deb ...
#8 53.45 Unpacking libfreetype6:amd64 (2.10.4+dfsg-1+deb11u1) ...
#8 53.56 Selecting previously unselected package fonts-dejavu-core.
#8 53.57 Preparing to unpack .../21-fonts-dejavu-core_2.37-2_all.deb ...
#8 53.57 Unpacking fonts-dejavu-core (2.37-2) ...
#8 53.74 Selecting previously unselected package fontconfig-config.
#8 53.75 Preparing to unpack .../22-fontconfig-config_2.13.1-4.2_all.deb ...
#8 54.05 Unpacking fontconfig-config (2.13.1-4.2) ...
#8 54.17 Selecting previously unselected package libfontconfig1:amd64.
#8 54.18 Preparing to unpack .../23-libfontconfig1_2.13.1-4.2_amd64.deb ...
#8 54.19 Unpacking libfontconfig1:amd64 (2.13.1-4.2) ...
#8 54.31 Selecting previously unselected package fontconfig.
#8 54.32 Preparing to unpack .../24-fontconfig_2.13.1-4.2_amd64.deb ...
#8 54.33 Unpacking fontconfig (2.13.1-4.2) ...
#8 54.42 Selecting previously unselected package googletest.
#8 54.43 Preparing to unpack .../25-googletest_1.10.0.20201025-1.1_all.deb ...
#8 54.44 Unpacking googletest (1.10.0.20201025-1.1) ...
#8 54.57 Selecting previously unselected package libann0.
#8 54.58 Preparing to unpack .../26-libann0_1.1.2+doc-7_amd64.deb ...
#8 54.59 Unpacking libann0 (1.1.2+doc-7) ...
#8 54.68 Selecting previously unselected package libcdt5:amd64.
#8 54.69 Preparing to unpack .../27-libcdt5_2.42.2-5_amd64.deb ...
#8 54.70 Unpacking libcdt5:amd64 (2.42.2-5) ...
#8 54.79 Selecting previously unselected package libcgraph6:amd64.
#8 54.80 Preparing to unpack .../28-libcgraph6_2.42.2-5_amd64.deb ...
#8 54.81 Unpacking libcgraph6:amd64 (2.42.2-5) ...
#8 54.90 Selecting previously unselected package libdeflate0:amd64.
#8 54.91 Preparing to unpack .../29-libdeflate0_1.7-1_amd64.deb ...
#8 54.92 Unpacking libdeflate0:amd64 (1.7-1) ...
#8 55.01 Selecting previously unselected package libjbig0:amd64.
#8 55.01 Preparing to unpack .../30-libjbig0_2.1-3.1+b2_amd64.deb ...
#8 55.02 Unpacking libjbig0:amd64 (2.1-3.1+b2) ...
#8 55.11 Selecting previously unselected package libwebp6:amd64.
#8 55.12 Preparing to unpack .../31-libwebp6_0.6.1-2.1+deb11u1_amd64.deb ...
#8 55.13 Unpacking libwebp6:amd64 (0.6.1-2.1+deb11u1) ...
#8 55.23 Selecting previously unselected package libtiff5:amd64.
#8 55.24 Preparing to unpack .../32-libtiff5_4.2.0-1+deb11u4_amd64.deb ...
#8 55.24 Unpacking libtiff5:amd64 (4.2.0-1+deb11u4) ...
#8 55.36 Selecting previously unselected package libxpm4:amd64.
#8 55.36 Preparing to unpack .../33-libxpm4_1%3a3.5.12-1.1~deb11u1_amd64.deb ...
#8 55.37 Unpacking libxpm4:amd64 (1:3.5.12-1.1~deb11u1) ...
#8 55.47 Selecting previously unselected package libgd3:amd64.
#8 55.48 Preparing to unpack .../34-libgd3_2.3.0-2_amd64.deb ...
#8 55.49 Unpacking libgd3:amd64 (2.3.0-2) ...
#8 55.61 Selecting previously unselected package libgts-0.7-5:amd64.
#8 55.62 Preparing to unpack .../35-libgts-0.7-5_0.7.6+darcs121130-4+b1_amd64.deb ...
#8 55.62 Unpacking libgts-0.7-5:amd64 (0.7.6+darcs121130-4+b1) ...
#8 55.73 Selecting previously unselected package libxcb-render0:amd64.
#8 55.74 Preparing to unpack .../36-libxcb-render0_1.14-3_amd64.deb ...
#8 55.74 Unpacking libxcb-render0:amd64 (1.14-3) ...
#8 55.81 Selecting previously unselected package libxcb-shm0:amd64.
#8 55.81 Preparing to unpack .../37-libxcb-shm0_1.14-3_amd64.deb ...
#8 55.82 Unpacking libxcb-shm0:amd64 (1.14-3) ...
#8 55.90 Selecting previously unselected package libxext6:amd64.
#8 55.91 Preparing to unpack .../38-libxext6_2%3a1.3.3-1.1_amd64.deb ...
#8 55.92 Unpacking libxext6:amd64 (2:1.3.3-1.1) ...
#8 56.01 Selecting previously unselected package libxrender1:amd64.
#8 56.01 Preparing to unpack .../39-libxrender1_1%3a0.9.10-1_amd64.deb ...
#8 56.02 Unpacking libxrender1:amd64 (1:0.9.10-1) ...
#8 56.11 Selecting previously unselected package libcairo2:amd64.
#8 56.12 Preparing to unpack .../40-libcairo2_1.16.0-5_amd64.deb ...
#8 56.13 Unpacking libcairo2:amd64 (1.16.0-5) ...
#8 56.27 Selecting previously unselected package libltdl7:amd64.
#8 56.28 Preparing to unpack .../41-libltdl7_2.4.6-15_amd64.deb ...
#8 56.29 Unpacking libltdl7:amd64 (2.4.6-15) ...
#8 56.39 Selecting previously unselected package libfribidi0:amd64.
#8 56.39 Preparing to unpack .../42-libfribidi0_1.0.8-2+deb11u1_amd64.deb ...
#8 56.40 Unpacking libfribidi0:amd64 (1.0.8-2+deb11u1) ...
#8 56.48 Selecting previously unselected package libgraphite2-3:amd64.
#8 56.48 Preparing to unpack .../43-libgraphite2-3_1.3.14-1_amd64.deb ...
#8 56.49 Unpacking libgraphite2-3:amd64 (1.3.14-1) ...
#8 56.58 Selecting previously unselected package libharfbuzz0b:amd64.
#8 56.59 Preparing to unpack .../44-libharfbuzz0b_2.7.4-1_amd64.deb ...
#8 56.59 Unpacking libharfbuzz0b:amd64 (2.7.4-1) ...
#8 56.70 Selecting previously unselected package libthai-data.
#8 56.71 Preparing to unpack .../45-libthai-data_0.1.28-3_all.deb ...
#8 56.71 Unpacking libthai-data (0.1.28-3) ...
#8 56.83 Selecting previously unselected package libdatrie1:amd64.
#8 56.84 Preparing to unpack .../46-libdatrie1_0.2.13-1_amd64.deb ...
#8 56.85 Unpacking libdatrie1:amd64 (0.2.13-1) ...
#8 56.94 Selecting previously unselected package libthai0:amd64.
#8 56.95 Preparing to unpack .../47-libthai0_0.1.28-3_amd64.deb ...
#8 56.95 Unpacking libthai0:amd64 (0.1.28-3) ...
#8 57.05 Selecting previously unselected package libpango-1.0-0:amd64.
#8 57.06 Preparing to unpack .../48-libpango-1.0-0_1.46.2-3_amd64.deb ...
#8 57.07 Unpacking libpango-1.0-0:amd64 (1.46.2-3) ...
#8 57.18 Selecting previously unselected package libpangoft2-1.0-0:amd64.
#8 57.19 Preparing to unpack .../49-libpangoft2-1.0-0_1.46.2-3_amd64.deb ...
#8 57.20 Unpacking libpangoft2-1.0-0:amd64 (1.46.2-3) ...
#8 57.30 Selecting previously unselected package libpangocairo-1.0-0:amd64.
#8 57.31 Preparing to unpack .../50-libpangocairo-1.0-0_1.46.2-3_amd64.deb ...
#8 57.32 Unpacking libpangocairo-1.0-0:amd64 (1.46.2-3) ...
#8 57.41 Selecting previously unselected package libpathplan4:amd64.
#8 57.42 Preparing to unpack .../51-libpathplan4_2.42.2-5_amd64.deb ...
#8 57.43 Unpacking libpathplan4:amd64 (2.42.2-5) ...
#8 57.52 Selecting previously unselected package libgvc6.
#8 57.52 Preparing to unpack .../52-libgvc6_2.42.2-5_amd64.deb ...
#8 57.53 Unpacking libgvc6 (2.42.2-5) ...
#8 57.62 Selecting previously unselected package libgvpr2:amd64.
#8 57.63 Preparing to unpack .../53-libgvpr2_2.42.2-5_amd64.deb ...
#8 57.64 Unpacking libgvpr2:amd64 (2.42.2-5) ...
#8 57.74 Selecting previously unselected package liblab-gamut1:amd64.
#8 57.74 Preparing to unpack .../54-liblab-gamut1_2.42.2-5_amd64.deb ...
#8 57.75 Unpacking liblab-gamut1:amd64 (2.42.2-5) ...
#8 57.90 Selecting previously unselected package x11-common.
#8 57.90 Preparing to unpack .../55-x11-common_1%3a7.7+22_all.deb ...
#8 57.91 Unpacking x11-common (1:7.7+22) ...
#8 58.01 Selecting previously unselected package libice6:amd64.
#8 58.01 Preparing to unpack .../56-libice6_2%3a1.0.10-1_amd64.deb ...
#8 58.02 Unpacking libice6:amd64 (2:1.0.10-1) ...
#8 58.12 Selecting previously unselected package libsm6:amd64.
#8 58.13 Preparing to unpack .../57-libsm6_2%3a1.2.3-1_amd64.deb ...
#8 58.13 Unpacking libsm6:amd64 (2:1.2.3-1) ...
#8 58.22 Selecting previously unselected package libxt6:amd64.
#8 58.23 Preparing to unpack .../58-libxt6_1%3a1.2.0-1_amd64.deb ...
#8 58.24 Unpacking libxt6:amd64 (1:1.2.0-1) ...
#8 58.34 Selecting previously unselected package libxmu6:amd64.
#8 58.34 Preparing to unpack .../59-libxmu6_2%3a1.1.2-2+b3_amd64.deb ...
#8 58.35 Unpacking libxmu6:amd64 (2:1.1.2-2+b3) ...
#8 58.44 Selecting previously unselected package libxaw7:amd64.
#8 58.45 Preparing to unpack .../60-libxaw7_2%3a1.0.13-1.1_amd64.deb ...
#8 58.46 Unpacking libxaw7:amd64 (2:1.0.13-1.1) ...
#8 58.55 Selecting previously unselected package graphviz.
#8 58.55 Preparing to unpack .../61-graphviz_2.42.2-5_amd64.deb ...
#8 58.56 Unpacking graphviz (2.42.2-5) ...
#8 58.70 Selecting previously unselected package icu-devtools.
#8 58.71 Preparing to unpack .../62-icu-devtools_67.1-7_amd64.deb ...
#8 58.71 Unpacking icu-devtools (67.1-7) ...
#8 58.82 Selecting previously unselected package iwyu.
#8 58.83 Preparing to unpack .../63-iwyu_8.15-2_amd64.deb ...
#8 58.83 Unpacking iwyu (8.15-2) ...
#8 59.00 Selecting previously unselected package libjson-perl.
#8 59.01 Preparing to unpack .../64-libjson-perl_4.03000-1_all.deb ...
#8 59.01 Unpacking libjson-perl (4.03000-1) ...
#8 59.10 Selecting previously unselected package libperlio-gzip-perl.
#8 59.11 Preparing to unpack .../65-libperlio-gzip-perl_0.19-1+b7_amd64.deb ...
#8 59.12 Unpacking libperlio-gzip-perl (0.19-1+b7) ...
#8 59.20 Selecting previously unselected package lcov.
#8 59.21 Preparing to unpack .../66-lcov_1.14-2_all.deb ...
#8 59.22 Unpacking lcov (1.14-2) ...
#8 59.32 Selecting previously unselected package libgpm2:amd64.
#8 59.33 Preparing to unpack .../67-libgpm2_1.20.7-8_amd64.deb ...
#8 59.34 Unpacking libgpm2:amd64 (1.20.7-8) ...
#8 59.42 Selecting previously unselected package libgtest-dev:amd64.
#8 59.43 Preparing to unpack .../68-libgtest-dev_1.10.0.20201025-1.1_amd64.deb ...
#8 59.44 Unpacking libgtest-dev:amd64 (1.10.0.20201025-1.1) ...
#8 59.55 Selecting previously unselected package libicu-dev:amd64.
#8 59.56 Preparing to unpack .../69-libicu-dev_67.1-7_amd64.deb ...
#8 59.56 Unpacking libicu-dev:amd64 (67.1-7) ...
#8 60.24 Selecting previously unselected package libslang2:amd64.
#8 60.25 Preparing to unpack .../70-libslang2_2.3.2-5_amd64.deb ...
#8 60.26 Unpacking libslang2:amd64 (2.3.2-5) ...
#8 60.36 Selecting previously unselected package libxml2-dev:amd64.
#8 60.37 Preparing to unpack .../71-libxml2-dev_2.9.10+dfsg-6.7+deb11u4_amd64.deb ...
#8 60.38 Unpacking libxml2-dev:amd64 (2.9.10+dfsg-6.7+deb11u4) ...
#8 60.51 Selecting previously unselected package mc-data.
#8 60.51 Preparing to unpack .../72-mc-data_3%3a4.8.26-1.1_all.deb ...
#8 60.52 Unpacking mc-data (3:4.8.26-1.1) ...
#8 60.70 Selecting previously unselected package mc.
#8 60.71 Preparing to unpack .../73-mc_3%3a4.8.26-1.1_amd64.deb ...
#8 60.75 Unpacking mc (3:4.8.26-1.1) ...
#8 60.88 Setting up libgraphite2-3:amd64 (1.3.14-1) ...
#8 60.90 Setting up iwyu (8.15-2) ...
#8 60.93 Setting up libgpm2:amd64 (1.20.7-8) ...
#8 60.95 Setting up libxpm4:amd64 (1:3.5.12-1.1~deb11u1) ...
#8 60.97 Setting up libxrender1:amd64 (1:0.9.10-1) ...
#8 61.00 Setting up libdatrie1:amd64 (0.2.13-1) ...
#8 61.02 Setting up libxcb-render0:amd64 (1.14-3) ...
#8 61.04 Setting up liblab-gamut1:amd64 (2.42.2-5) ...
#8 61.07 Setting up x11-common (1:7.7+22) ...
#8 61.28 invoke-rc.d: could not determine current runlevel
#8 61.29 invoke-rc.d: policy-rc.d denied execution of start.
#8 61.30 Setting up libdeflate0:amd64 (1.7-1) ...
#8 61.32 Setting up libxext6:amd64 (2:1.3.3-1.1) ...
#8 61.34 Setting up python3-yaml (5.3.1-5) ...
#8 61.51 Setting up libxcb-shm0:amd64 (1.14-3) ...
#8 61.53 Setting up libsubunit0:amd64 (1.4.0-3) ...
#8 61.55 Setting up googletest (1.10.0.20201025-1.1) ...
#8 61.57 Setting up libjbig0:amd64 (2.1-3.1+b2) ...
#8 61.59 Setting up libgts-0.7-5:amd64 (0.7.6+darcs121130-4+b1) ...
#8 61.61 Setting up python3-pygments (2.7.1+dfsg-2.1) ...
#8 61.98 Setting up libslang2:amd64 (2.3.2-5) ...
#8 62.00 Setting up libfreetype6:amd64 (2.10.4+dfsg-1+deb11u1) ...
#8 62.02 Setting up libtinyxml2-8:amd64 (8.0.0+dfsg-2) ...
#8 62.04 Setting up libpathplan4:amd64 (2.42.2-5) ...
#8 62.06 Setting up libann0 (1.1.2+doc-7) ...
#8 62.09 Setting up libfribidi0:amd64 (1.0.8-2+deb11u1) ...
#8 62.11 Setting up libwebp6:amd64 (0.6.1-2.1+deb11u1) ...
#8 62.13 Setting up icu-devtools (67.1-7) ...
#8 62.16 Setting up fonts-dejavu-core (2.37-2) ...
#8 62.28 Setting up libstd-rust-1.48:amd64 (1.48.0+dfsg1-2) ...
#8 62.30 Setting up libltdl7:amd64 (2.4.6-15) ...
#8 62.32 Setting up mc-data (3:4.8.26-1.1) ...
#8 62.35 Setting up cppcheck (2.3-1) ...
#8 62.37 Setting up nano (5.4-2+deb11u2) ...
#8 62.40 update-alternatives: using /bin/nano to provide /usr/bin/editor (editor) in auto mode
#8 62.40 update-alternatives: warning: skip creation of /usr/share/man/man1/editor.1.gz because associated file /usr/share/man/man1/nano.1.gz (of link group editor) doesn't exist
#8 62.41 update-alternatives: using /bin/nano to provide /usr/bin/pico (pico) in auto mode
#8 62.41 update-alternatives: warning: skip creation of /usr/share/man/man1/pico.1.gz because associated file /usr/share/man/man1/nano.1.gz (of link group pico) doesn't exist
#8 62.42 Setting up libjson-perl (4.03000-1) ...
#8 62.45 Setting up libmbedcrypto3:amd64 (2.16.9-0.1) ...
#8 62.47 Setting up libharfbuzz0b:amd64 (2.7.4-1) ...
#8 62.49 Setting up libthai-data (0.1.28-3) ...
#8 62.51 Setting up libcdt5:amd64 (2.42.2-5) ...
#8 62.53 Setting up libcgraph6:amd64 (2.42.2-5) ...
#8 62.56 Setting up libtiff5:amd64 (4.2.0-1+deb11u4) ...
#8 62.58 Setting up libperlio-gzip-perl (0.19-1+b7) ...
#8 62.61 Setting up clang-tools-11 (1:11.0.1-2) ...
#8 62.63 Setting up libicu-dev:amd64 (67.1-7) ...
#8 62.65 Setting up libhttp-parser2.9:amd64 (2.9.4-4+deb11u1) ...
#8 62.68 Setting up libice6:amd64 (2:1.0.10-1) ...
#8 62.70 Setting up libgtest-dev:amd64 (1.10.0.20201025-1.1) ...
#8 62.73 Setting up mc (3:4.8.26-1.1) ...
#8 62.82 update-alternatives: using /usr/bin/mcview to provide /usr/bin/view (view) in auto mode
#8 62.82 update-alternatives: warning: skip creation of /usr/share/man/man1/view.1.gz because associated file /usr/share/man/man1/mcview.1.gz (of link group view) doesn't exist
#8 62.91 Setting up libmbedx509-0:amd64 (2.16.9-0.1) ...
#8 62.94 Setting up fontconfig-config (2.13.1-4.2) ...
#8 63.13 Setting up libsubunit-dev:amd64 (1.4.0-3) ...
#8 63.16 Setting up libmbedtls12:amd64 (2.16.9-0.1) ...
#8 63.18 Setting up lcov (1.14-2) ...
#8 63.21 Setting up libthai0:amd64 (0.1.28-3) ...
#8 63.24 Setting up libstd-rust-dev:amd64 (1.48.0+dfsg1-2) ...
#8 63.26 Setting up libxml2-dev:amd64 (2.9.10+dfsg-6.7+deb11u4) ...
#8 63.28 Setting up check:amd64 (0.15.2-2) ...
#8 63.30 Setting up libgvpr2:amd64 (2.42.2-5) ...
#8 63.33 Setting up rustc (1.48.0+dfsg1-2) ...
#8 63.35 Setting up clang-tidy-11 (1:11.0.1-2) ...
#8 63.38 Setting up libfontconfig1:amd64 (2.13.1-4.2) ...
#8 63.40 Setting up libsm6:amd64 (2:1.2.3-1) ...
#8 63.43 Setting up fontconfig (2.13.1-4.2) ...
#8 63.45 Regenerating fonts cache... done.
#8 65.49 Setting up libgit2-1.1:amd64 (1.1.0+dfsg.1-4+deb11u1) ...
#8 65.51 Setting up clang-tidy (1:11.0-51+nmu5) ...
#8 65.54 Setting up libpango-1.0-0:amd64 (1.46.2-3) ...
#8 65.56 Setting up libcairo2:amd64 (1.16.0-5) ...
#8 65.58 Setting up cargo (0.47.0-3+b1) ...
#8 65.60 Setting up libgd3:amd64 (2.3.0-2) ...
#8 65.62 Setting up libxt6:amd64 (1:1.2.0-1) ...
#8 65.64 Setting up libpangoft2-1.0-0:amd64 (1.46.2-3) ...
#8 65.67 Setting up libpangocairo-1.0-0:amd64 (1.46.2-3) ...
#8 65.71 Setting up libxmu6:amd64 (2:1.1.2-2+b3) ...
#8 65.75 Setting up libxaw7:amd64 (2:1.0.13-1.1) ...
#8 65.77 Setting up libgvc6 (2.42.2-5) ...
#8 65.80 Setting up graphviz (2.42.2-5) ...
#8 65.82 Processing triggers for libc-bin (2.31-13+deb11u6) ...
#8 65.95 + PIP_PACKAGES=(cryptography GitPython hexrec simpleeval)
#8 65.95 + pip3 install cryptography GitPython hexrec simpleeval
#8 67.41 Collecting cryptography
#8 67.55   Downloading cryptography-41.0.1-cp37-abi3-manylinux_2_28_x86_64.whl (4.3 MB)
#8 68.19 Collecting GitPython
#8 68.24   Downloading GitPython-3.1.31-py3-none-any.whl (184 kB)
#8 68.35 Collecting hexrec
#8 68.37   Downloading hexrec-0.3.0-py3-none-any.whl (74 kB)
#8 68.43 Collecting simpleeval
#8 68.45   Downloading simpleeval-0.9.13-py2.py3-none-any.whl (15 kB)
#8 68.72 Collecting cffi>=1.12
#8 68.77   Downloading cffi-1.15.1-cp39-cp39-manylinux_2_17_x86_64.manylinux2014_x86_64.whl (441 kB)
#8 68.83 Requirement already satisfied: pycparser in /usr/local/lib/python3.9/dist-packages (from cffi>=1.12->cryptography) (2.21)
#8 68.96 Collecting gitdb<5,>=4.0.1
#8 68.98   Downloading gitdb-4.0.10-py3-none-any.whl (62 kB)
#8 69.05 Collecting smmap<6,>=3.0.1
#8 69.07   Downloading smmap-5.0.0-py3-none-any.whl (24 kB)
#8 69.08 Requirement already satisfied: click in /usr/local/lib/python3.9/dist-packages (from hexrec) (8.1.3)
#8 69.15 Collecting bytesparse>=0.0.6
#8 69.20   Downloading bytesparse-0.0.6-py3-none-any.whl (41 kB)
#8 69.35 Collecting Deprecated
#8 69.41   Downloading Deprecated-1.2.14-py2.py3-none-any.whl (9.6 kB)
#8 69.47 Requirement already satisfied: wrapt<2,>=1.10 in /usr/local/lib/python3.9/dist-packages (from Deprecated->hexrec) (1.15.0)
#8 69.65 Installing collected packages: smmap, gitdb, Deprecated, cffi, bytesparse, simpleeval, hexrec, GitPython, cryptography
#8 70.14 Successfully installed Deprecated-1.2.14 GitPython-3.1.31 bytesparse-0.0.6 cffi-1.15.1 cryptography-41.0.1 gitdb-4.0.10 hexrec-0.3.0 simpleeval-0.9.13 smmap-5.0.0
#8 70.20 + apt-get clean autoclean
#8 70.20 + apt-get autoremove --yes --purge
#8 70.21 Reading package lists...
#8 71.64 Building dependency tree...
#8 72.11 Reading state information...
#8 72.72 0 upgraded, 0 newly installed, 0 to remove and 0 not upgraded.
#8 72.72 + rm -rf /var/lib/apt/lists/auxfiles /var/lib/apt/lists/deb.debian.org_debian_dists_bullseye_InRelease /var/lib/apt/lists/deb.debian.org_debian_dists_bullseye_main_binary-amd64_Packages.lz4 /var/lib/apt/lists/deb.debian.org_debian_dists_bullseye_main_binary-armel_Packages.lz4 /var/lib/apt/lists/deb.debian.org_debian_dists_bullseye_main_binary-armhf_Packages.lz4 /var/lib/apt/lists/deb.debian.org_debian_dists_bullseye_main_binary-i386_Packages.lz4 /var/lib/apt/lists/deb.debian.org_debian_dists_bullseye-updates_InRelease /var/lib/apt/lists/deb.debian.org_debian_dists_bullseye-updates_main_binary-amd64_Packages.lz4 /var/lib/apt/lists/deb.debian.org_debian_dists_bullseye-updates_main_binary-armel_Packages.lz4 /var/lib/apt/lists/deb.debian.org_debian_dists_bullseye-updates_main_binary-armhf_Packages.lz4 /var/lib/apt/lists/deb.debian.org_debian_dists_bullseye-updates_main_binary-i386_Packages.lz4 /var/lib/apt/lists/lock /var/lib/apt/lists/partial /var/lib/apt/lists/security.debian.org_debian-security_dists_bullseye-security_InRelease /var/lib/apt/lists/security.debian.org_debian-security_dists_bullseye-security_main_binary-amd64_Packages.lz4 /var/lib/apt/lists/security.debian.org_debian-security_dists_bullseye-security_main_binary-armel_Packages.lz4 /var/lib/apt/lists/security.debian.org_debian-security_dists_bullseye-security_main_binary-armhf_Packages.lz4 /var/lib/apt/lists/security.debian.org_debian-security_dists_bullseye-security_main_binary-i386_Packages.lz4
#8 72.74 + echo 'Set disable_coredump false'
#8 72.74 + cmake -S /usr/src/gtest -B /tmp/build-gtest -G Ninja
#8 72.83 -- The CXX compiler identification is GNU 10.2.1
#8 72.88 -- The C compiler identification is GNU 10.2.1
#8 72.89 -- Detecting CXX compiler ABI info
#8 72.93 -- Detecting CXX compiler ABI info - done
#8 72.94 -- Check for working CXX compiler: /usr/bin/c++ - skipped
#8 72.94 -- Detecting CXX compile features
#8 72.94 -- Detecting CXX compile features - done
#8 72.95 -- Detecting C compiler ABI info
#8 72.98 -- Detecting C compiler ABI info - done
#8 72.99 -- Check for working C compiler: /usr/bin/cc - skipped
#8 72.99 -- Detecting C compile features
#8 72.99 -- Detecting C compile features - done
#8 73.00 -- Found PythonInterp: /usr/bin/python (found version "3.9.2")
#8 73.00 -- Looking for pthread.h
#8 73.04 -- Looking for pthread.h - found
#8 73.04 -- Performing Test CMAKE_HAVE_LIBC_PTHREAD
#8 73.08 -- Performing Test CMAKE_HAVE_LIBC_PTHREAD - Failed
#8 73.08 -- Looking for pthread_create in pthreads
#8 73.10 -- Looking for pthread_create in pthreads - not found
#8 73.10 -- Looking for pthread_create in pthread
#8 73.14 -- Looking for pthread_create in pthread - found
#8 73.14 -- Found Threads: TRUE
#8 73.14 -- Configuring done
#8 73.14 -- Generating done
#8 73.14 -- Build files have been written to: /tmp/build-gtest
#8 73.15 + ninja -C /tmp/build-gtest
#8 73.15 ninja: Entering directory `/tmp/build-gtest'
#8 73.62 [1/4] Building CXX object CMakeFiles/gtest_main.dir/src/gtest_main.cc.o
#8 75.52 [2/4] Building CXX object CMakeFiles/gtest.dir/src/gtest-all.cc.o
#8 75.55 [3/4] Linking CXX static library lib/libgtest.a
#8 75.56 [4/4] Linking CXX static library lib/libgtest_main.a
#8 75.56 + cp -v /tmp/build-gtest/lib/libgtest.a /tmp/build-gtest/lib/libgtest_main.a /usr/lib/
#8 75.57 '/tmp/build-gtest/lib/libgtest.a' -> '/usr/lib/libgtest.a'
#8 75.57 '/tmp/build-gtest/lib/libgtest_main.a' -> '/usr/lib/libgtest_main.a'
#8 75.57 + rm -r /tmp/build-gtest
#8 75.57 --2023-06-15 15:39:13--  https://github.com/boxboat/fixuid/releases/download/v0.5.1/fixuid-0.5.1-linux-amd64.tar.gz
#8 75.58 Resolving github.com (github.com)... 140.82.121.3
#8 75.61 Connecting to github.com (github.com)|140.82.121.3|:443... connected.
#8 75.71 HTTP request sent, awaiting response... 302 Found
#8 75.95 Location: https://objects.githubusercontent.com/github-production-release-asset-2e65be/97159815/ed5d14de-9b68-4757-9490-3c2f2c9cb6c7?X-Amz-Algorithm=AWS4-HMAC-SHA256&X-Amz-Credential=AKIAIWNJYAX4CSVEH53A%2F20230615%2Fus-east-1%2Fs3%2Faws4_request&X-Amz-Date=20230615T153913Z&X-Amz-Expires=300&X-Amz-Signature=7a393e3cd37e339edb034ae3bd1fea4cbdaf1791d52a424bf9fd189ce92973fd&X-Amz-SignedHeaders=host&actor_id=0&key_id=0&repo_id=97159815&response-content-disposition=attachment%3B%20filename%3Dfixuid-0.5.1-linux-amd64.tar.gz&response-content-type=application%2Foctet-stream [following]
#8 75.95 --2023-06-15 15:39:13--  https://objects.githubusercontent.com/github-production-release-asset-2e65be/97159815/ed5d14de-9b68-4757-9490-3c2f2c9cb6c7?X-Amz-Algorithm=AWS4-HMAC-SHA256&X-Amz-Credential=AKIAIWNJYAX4CSVEH53A%2F20230615%2Fus-east-1%2Fs3%2Faws4_request&X-Amz-Date=20230615T153913Z&X-Amz-Expires=300&X-Amz-Signature=7a393e3cd37e339edb034ae3bd1fea4cbdaf1791d52a424bf9fd189ce92973fd&X-Amz-SignedHeaders=host&actor_id=0&key_id=0&repo_id=97159815&response-content-disposition=attachment%3B%20filename%3Dfixuid-0.5.1-linux-amd64.tar.gz&response-content-type=application%2Foctet-stream
#8 75.95 Resolving objects.githubusercontent.com (objects.githubusercontent.com)... 185.199.111.133, 185.199.110.133, 185.199.108.133, ...
#8 75.98 Connecting to objects.githubusercontent.com (objects.githubusercontent.com)|185.199.111.133|:443... connected.
#8 76.04 HTTP request sent, awaiting response... 200 OK
#8 76.18 Length: 2037947 (1.9M) [application/octet-stream]
#8 76.18 Saving to: /tmp/fixuid.gz
#8 76.18
#8 76.18      0K .......... .......... .......... .......... ..........  2% 2.20M 1s
#8 76.20     50K .......... .......... .......... .......... ..........  5% 3.68M 1s
#8 76.22    100K .......... .......... .......... .......... ..........  7% 10.7M 0s
#8 76.22    150K .......... .......... .......... .......... .......... 10% 9.54M 0s
#8 76.23    200K .......... .......... .......... .......... .......... 12% 4.26M 0s
#8 76.24    250K .......... .......... .......... .......... .......... 15% 6.12M 0s
#8 76.25    300K .......... .......... .......... .......... .......... 17% 61.0M 0s
#8 76.25    350K .......... .......... .......... .......... .......... 20% 37.6M 0s
#8 76.25    400K .......... .......... .......... .......... .......... 22% 9.43M 0s
#8 76.25    450K .......... .......... .......... .......... .......... 25% 21.0M 0s
#8 76.25    500K .......... .......... .......... .......... .......... 27% 3.53M 0s
#8 76.27    550K .......... .......... .......... .......... .......... 30% 71.5M 0s
#8 76.27    600K .......... .......... .......... .......... .......... 32% 2.83M 0s
#8 76.29    650K .......... .......... .......... .......... .......... 35% 13.8M 0s
#8 76.29    700K .......... .......... .......... .......... .......... 37% 17.9M 0s
#8 76.29    750K .......... .......... .......... .......... .......... 40% 9.48M 0s
#8 76.30    800K .......... .......... .......... .......... .......... 42% 18.9M 0s
#8 76.30    850K .......... .......... .......... .......... .......... 45% 43.2M 0s
#8 76.30    900K .......... .......... .......... .......... .......... 47% 8.13M 0s
#8 76.31    950K .......... .......... .......... .......... .......... 50% 11.4M 0s
#8 76.31   1000K .......... .......... .......... .......... .......... 52% 31.3M 0s
#8 76.31   1050K .......... .......... .......... .......... .......... 55% 74.6M 0s
#8 76.31   1100K .......... .......... .......... .......... .......... 57% 15.0M 0s
#8 76.32   1150K .......... .......... .......... .......... .......... 60% 4.89M 0s
#8 76.33   1200K .......... .......... .......... .......... .......... 62% 6.96M 0s
#8 76.33   1250K .......... .......... .......... .......... .......... 65%  886K 0s
#8 76.39   1300K .......... .......... .......... .......... .......... 67% 40.7M 0s
#8 76.39   1350K .......... .......... .......... .......... .......... 70% 59.2M 0s
#8 76.39   1400K .......... .......... .......... .......... .......... 72% 57.0M 0s
#8 76.39   1450K .......... .......... .......... .......... .......... 75% 59.1M 0s
#8 76.39   1500K .......... .......... .......... .......... .......... 77% 51.7M 0s
#8 76.40   1550K .......... .......... .......... .......... .......... 80% 56.4M 0s
#8 76.40   1600K .......... .......... .......... .......... .......... 82% 54.9M 0s
#8 76.40   1650K .......... .......... .......... .......... .......... 85% 62.0M 0s
#8 76.40   1700K .......... .......... .......... .......... .......... 87% 70.6M 0s
#8 76.40   1750K .......... .......... .......... .......... .......... 90% 61.2M 0s
#8 76.40   1800K .......... .......... .......... .......... .......... 92% 43.9M 0s
#8 76.40   1850K .......... .......... .......... .......... .......... 95% 70.1M 0s
#8 76.40   1900K .......... .......... .......... .......... .......... 97% 66.3M 0s
#8 76.40   1950K .......... .......... .......... ..........           100% 3.63M=0.2s
#8 76.41
#8 76.41 2023-06-15 15:39:14 (8.37 MB/s) - /tmp/fixuid.gz saved [2037947/2037947]
#8 76.41
#8 76.46 /tmp/fixuid.gz: OK
#8 76.50 '/tmp/fixuid/fixuid' -> '/usr/local/bin/fixuid'
#8 DONE 76.7s

#9 exporting to image
#9 exporting layers
#9 exporting layers 2.0s done
#9 writing image sha256:1968ed099ffaf95af8ef33387f7d3b41b136429defa7d61553872d692cb49038 done
#9 naming to docker.io/library/trentos_build:20230615 done
#9 DONE 2.0s
