Building trentos_build:20230531 ...
#1 [internal] load build definition from dockerfile
#1 transferring dockerfile: 733B done
#1 DONE 0.0s

#2 [internal] load .dockerignore
#2 transferring context: 2B done
#2 DONE 0.1s

#3 [internal] load metadata for docker.io/trustworthysystems/camkes:2023_05_26
#3 DONE 0.0s

#4 [builder 1/4] FROM docker.io/trustworthysystems/camkes:2023_05_26
#4 CACHED

#5 [internal] load build context
#5 transferring context: 2.56kB done
#5 DONE 0.0s

#6 [builder 2/4] ADD install-package.tgz /tmp/install-scripts/
#6 DONE 0.1s

#7 [builder 3/4] RUN cd /tmp/install-scripts && ./install-script.sh 1000 user
#7 0.287 '/tmp/install-scripts/entrypoint.sh' -> '/entrypoint.sh'
#7 0.288 + export DEBIAN_FRONTEND=noninteractive
#7 0.288 + DEBIAN_FRONTEND=noninteractive
#7 0.288 + USER_ID=1000
#7 0.288 + USER_NAME=user
#7 0.288 + apt-get update
#7 0.384 Get:1 http://security.debian.org/debian-security bullseye-security InRelease [48.4 kB]
#7 0.384 Get:2 http://deb.debian.org/debian bullseye InRelease [116 kB]
#7 0.437 Get:3 http://deb.debian.org/debian bullseye-updates InRelease [44.1 kB]
#7 0.708 Get:4 http://security.debian.org/debian-security bullseye-security/main armel Packages [225 kB]
#7 0.768 Get:5 http://security.debian.org/debian-security bullseye-security/main amd64 Packages [245 kB]
#7 0.790 Get:6 http://security.debian.org/debian-security bullseye-security/main armhf Packages [241 kB]
#7 0.820 Get:7 http://security.debian.org/debian-security bullseye-security/main i386 Packages [244 kB]
#7 0.839 Get:8 http://deb.debian.org/debian bullseye/main armel Packages [7,883 kB]
#7 1.508 Get:9 http://deb.debian.org/debian bullseye/main armhf Packages [7,949 kB]
#7 2.255 Get:10 http://deb.debian.org/debian bullseye/main i386 Packages [8,122 kB]
#7 3.098 Get:11 http://deb.debian.org/debian bullseye/main amd64 Packages [8,183 kB]
#7 3.909 Get:12 http://deb.debian.org/debian bullseye-updates/main armel Packages [12.1 kB]
#7 3.909 Get:13 http://deb.debian.org/debian bullseye-updates/main armhf Packages [12.1 kB]
#7 3.909 Get:14 http://deb.debian.org/debian bullseye-updates/main i386 Packages [15.3 kB]
#7 3.910 Get:15 http://deb.debian.org/debian bullseye-updates/main amd64 Packages [14.8 kB]
#7 4.675 Fetched 33.4 MB in 4s (7,632 kB/s)
#7 4.675 Reading package lists...
#7 6.055 + apt-get upgrade -y
#7 6.062 Reading package lists...
#7 7.434 Building dependency tree...
#7 7.896 Reading state information...
#7 8.023 Calculating upgrade...
#7 8.764 The following packages will be upgraded:
#7 8.765   base-files bash bsdutils debian-archive-keyring dpkg grep gzip libc-bin
#7 8.765   libgnutls30 libgssapi-krb5-2 libk5crypto3 libkrb5-3 libkrb5support0 liblzma5
#7 8.766   libpam-modules libpam-modules-bin libpam-runtime libpam0g libseccomp2
#7 8.767   libsmartcols1 libsystemd0 libtasn1-6 libudev1 mount ncurses-base ncurses-bin
#7 8.767   sysvinit-utils tzdata util-linux
#7 8.863 29 upgraded, 0 newly installed, 0 to remove and 0 not upgraded.
#7 8.863 Need to get 11.8 MB of archives.
#7 8.863 After this operation, 193 kB of additional disk space will be used.
#7 8.863 Get:1 http://deb.debian.org/debian bullseye/main amd64 base-files amd64 11.1+deb11u7 [70.1 kB]
#7 8.915 Get:2 http://deb.debian.org/debian bullseye/main amd64 bash amd64 5.1-2+deb11u1 [1,417 kB]
#7 9.054 Get:3 http://deb.debian.org/debian bullseye/main amd64 bsdutils amd64 1:2.36.1-8+deb11u1 [148 kB]
#7 9.058 Get:4 http://deb.debian.org/debian bullseye/main amd64 dpkg amd64 1.20.12 [2,536 kB]
#7 9.294 Get:5 http://deb.debian.org/debian bullseye/main amd64 grep amd64 3.6-1+deb11u1 [398 kB]
#7 9.332 Get:6 http://deb.debian.org/debian bullseye/main amd64 gzip amd64 1.10-4+deb11u1 [132 kB]
#7 9.346 Get:7 http://deb.debian.org/debian bullseye/main amd64 ncurses-bin amd64 6.2+20201114-2+deb11u1 [429 kB]
#7 9.389 Get:8 http://deb.debian.org/debian bullseye/main amd64 util-linux amd64 2.36.1-8+deb11u1 [1,141 kB]
#7 9.508 Get:9 http://deb.debian.org/debian bullseye/main amd64 libc-bin amd64 2.31-13+deb11u6 [824 kB]
#7 9.567 Get:10 http://deb.debian.org/debian bullseye/main amd64 ncurses-base all 6.2+20201114-2+deb11u1 [272 kB]
#7 9.601 Get:11 http://deb.debian.org/debian bullseye/main amd64 sysvinit-utils amd64 2.96-7+deb11u1 [25.6 kB]
#7 9.602 Get:12 http://deb.debian.org/debian bullseye/main amd64 libpam0g amd64 1.4.0-9+deb11u1 [129 kB]
#7 9.613 Get:13 http://deb.debian.org/debian bullseye/main amd64 libpam-modules-bin amd64 1.4.0-9+deb11u1 [108 kB]
#7 9.616 Get:14 http://deb.debian.org/debian bullseye/main amd64 libpam-modules amd64 1.4.0-9+deb11u1 [326 kB]
#7 9.650 Get:15 http://deb.debian.org/debian bullseye/main amd64 libsystemd0 amd64 247.3-7+deb11u2 [376 kB]
#7 9.673 Get:16 http://deb.debian.org/debian bullseye/main amd64 mount amd64 2.36.1-8+deb11u1 [186 kB]
#7 9.696 Get:17 http://deb.debian.org/debian bullseye/main amd64 libpam-runtime all 1.4.0-9+deb11u1 [207 kB]
#7 9.705 Get:18 http://deb.debian.org/debian bullseye/main amd64 debian-archive-keyring all 2021.1.1+deb11u1 [110 kB]
#7 9.707 Get:19 http://deb.debian.org/debian bullseye/main amd64 libtasn1-6 amd64 4.16.0-2+deb11u1 [54.9 kB]
#7 9.739 Get:20 http://deb.debian.org/debian bullseye/main amd64 libgnutls30 amd64 3.7.1-5+deb11u3 [1,340 kB]
#7 9.834 Get:21 http://deb.debian.org/debian bullseye/main amd64 libk5crypto3 amd64 1.18.3-6+deb11u3 [114 kB]
#7 9.842 Get:22 http://deb.debian.org/debian bullseye/main amd64 libkrb5support0 amd64 1.18.3-6+deb11u3 [65.5 kB]
#7 9.849 Get:23 http://deb.debian.org/debian bullseye/main amd64 libkrb5-3 amd64 1.18.3-6+deb11u3 [364 kB]
#7 9.927 Get:24 http://deb.debian.org/debian bullseye/main amd64 libgssapi-krb5-2 amd64 1.18.3-6+deb11u3 [165 kB]
#7 9.930 Get:25 http://deb.debian.org/debian bullseye/main amd64 liblzma5 amd64 5.2.5-2.1~deb11u1 [168 kB]
#7 9.934 Get:26 http://deb.debian.org/debian bullseye/main amd64 libseccomp2 amd64 2.5.1-1+deb11u1 [48.5 kB]
#7 9.935 Get:27 http://deb.debian.org/debian bullseye/main amd64 libsmartcols1 amd64 2.36.1-8+deb11u1 [158 kB]
#7 9.944 Get:28 http://deb.debian.org/debian bullseye/main amd64 libudev1 amd64 247.3-7+deb11u2 [168 kB]
#7 9.959 Get:29 http://deb.debian.org/debian bullseye/main amd64 tzdata all 2021a-1+deb11u10 [286 kB]
#7 10.27 debconf: delaying package configuration, since apt-utils is not installed
#7 10.36 Fetched 11.8 MB in 1s (9,814 kB/s)
(Reading database ... 40720 files and directories currently installed.)
#7 10.44 Preparing to unpack .../base-files_11.1+deb11u7_amd64.deb ...
#7 10.46 Unpacking base-files (11.1+deb11u7) over (11.1) ...
#7 10.67 Setting up base-files (11.1+deb11u7) ...
#7 10.68 Installing new version of config file /etc/debian_version ...
(Reading database ... 40720 files and directories currently installed.)
#7 10.90 Preparing to unpack .../bash_5.1-2+deb11u1_amd64.deb ...
#7 10.91 update-alternatives: warning: alternative /usr/share/man/man7/bash-builtins.7.gz (part of link group builtins.7.gz) doesn't exist; removing from list of alternatives
#7 10.91 update-alternatives: warning: /etc/alternatives/builtins.7.gz is dangling; it will be updated with best choice
#7 10.95 Unpacking bash (5.1-2+deb11u1) over (5.1-2+b3) ...
#7 11.19 Setting up bash (5.1-2+deb11u1) ...
#7 11.24 update-alternatives: error: alternative path /usr/share/man/man7/bash-builtins.7.gz doesn't exist
(Reading database ... 40719 files and directories currently installed.)
#7 11.36 Preparing to unpack .../bsdutils_1%3a2.36.1-8+deb11u1_amd64.deb ...
#7 11.38 Unpacking bsdutils (1:2.36.1-8+deb11u1) over (1:2.36.1-8) ...
#7 11.54 Setting up bsdutils (1:2.36.1-8+deb11u1) ...
(Reading database ... 40719 files and directories currently installed.)
#7 11.69 Preparing to unpack .../dpkg_1.20.12_amd64.deb ...
#7 11.71 Unpacking dpkg (1.20.12) over (1.20.9) ...
#7 12.05 Setting up dpkg (1.20.12) ...
(Reading database ... 40728 files and directories currently installed.)
#7 12.19 Preparing to unpack .../grep_3.6-1+deb11u1_amd64.deb ...
#7 12.21 Unpacking grep (3.6-1+deb11u1) over (3.6-1) ...
#7 12.34 Setting up grep (3.6-1+deb11u1) ...
(Reading database ... 40728 files and directories currently installed.)
#7 12.47 Preparing to unpack .../gzip_1.10-4+deb11u1_amd64.deb ...
#7 12.49 Unpacking gzip (1.10-4+deb11u1) over (1.10-4) ...
#7 12.66 Setting up gzip (1.10-4+deb11u1) ...
(Reading database ... 40728 files and directories currently installed.)
#7 12.79 Preparing to unpack .../ncurses-bin_6.2+20201114-2+deb11u1_amd64.deb ...
#7 12.82 Unpacking ncurses-bin (6.2+20201114-2+deb11u1) over (6.2+20201114-2) ...
#7 12.94 Setting up ncurses-bin (6.2+20201114-2+deb11u1) ...
(Reading database ... 40728 files and directories currently installed.)
#7 13.09 Preparing to unpack .../util-linux_2.36.1-8+deb11u1_amd64.deb ...
#7 13.11 Unpacking util-linux (2.36.1-8+deb11u1) over (2.36.1-8) ...
#7 13.99 Setting up util-linux (2.36.1-8+deb11u1) ...
#7 14.06 update-alternatives: warning: forcing reinstallation of alternative /bin/more because link group pager is broken
#7 14.06 update-alternatives: warning: skip creation of /usr/share/man/man1/pager.1.gz because associated file /usr/share/man/man1/more.1.gz (of link group pager) doesn't exist
(Reading database ... 40728 files and directories currently installed.)
#7 14.33 Preparing to unpack .../libc-bin_2.31-13+deb11u6_amd64.deb ...
#7 14.35 Unpacking libc-bin (2.31-13+deb11u6) over (2.31-13) ...
#7 14.67 Setting up libc-bin (2.31-13+deb11u6) ...
(Reading database ... 40728 files and directories currently installed.)
#7 14.87 Preparing to unpack .../ncurses-base_6.2+20201114-2+deb11u1_all.deb ...
#7 14.89 Unpacking ncurses-base (6.2+20201114-2+deb11u1) over (6.2+20201114-2) ...
#7 15.22 Setting up ncurses-base (6.2+20201114-2+deb11u1) ...
(Reading database ... 40728 files and directories currently installed.)
#7 15.36 Preparing to unpack .../sysvinit-utils_2.96-7+deb11u1_amd64.deb ...
#7 15.38 Unpacking sysvinit-utils (2.96-7+deb11u1) over (2.96-7) ...
#7 15.50 Setting up sysvinit-utils (2.96-7+deb11u1) ...
(Reading database ... 40728 files and directories currently installed.)
#7 15.65 Preparing to unpack .../libpam0g_1.4.0-9+deb11u1_amd64.deb ...
#7 15.67 Unpacking libpam0g:amd64 (1.4.0-9+deb11u1) over (1.4.0-9) ...
#7 15.83 Setting up libpam0g:amd64 (1.4.0-9+deb11u1) ...
(Reading database ... 40728 files and directories currently installed.)
#7 16.03 Preparing to unpack .../libpam-modules-bin_1.4.0-9+deb11u1_amd64.deb ...
#7 16.05 Unpacking libpam-modules-bin (1.4.0-9+deb11u1) over (1.4.0-9) ...
#7 16.14 Setting up libpam-modules-bin (1.4.0-9+deb11u1) ...
(Reading database ... 40728 files and directories currently installed.)
#7 16.30 Preparing to unpack .../libpam-modules_1.4.0-9+deb11u1_amd64.deb ...
#7 16.41 Unpacking libpam-modules:amd64 (1.4.0-9+deb11u1) over (1.4.0-9) ...
#7 16.75 Setting up libpam-modules:amd64 (1.4.0-9+deb11u1) ...
(Reading database ... 40728 files and directories currently installed.)
#7 16.96 Preparing to unpack .../libsystemd0_247.3-7+deb11u2_amd64.deb ...
#7 16.98 Unpacking libsystemd0:amd64 (247.3-7+deb11u2) over (247.3-6) ...
#7 17.12 Setting up libsystemd0:amd64 (247.3-7+deb11u2) ...
(Reading database ... 40728 files and directories currently installed.)
#7 17.19 Preparing to unpack .../mount_2.36.1-8+deb11u1_amd64.deb ...
#7 17.21 Unpacking mount (2.36.1-8+deb11u1) over (2.36.1-8) ...
#7 17.37 Preparing to unpack .../libpam-runtime_1.4.0-9+deb11u1_all.deb ...
#7 17.40 Unpacking libpam-runtime (1.4.0-9+deb11u1) over (1.4.0-9) ...
#7 17.62 Setting up libpam-runtime (1.4.0-9+deb11u1) ...
(Reading database ... 40728 files and directories currently installed.)
#7 17.85 Preparing to unpack .../debian-archive-keyring_2021.1.1+deb11u1_all.deb ...
#7 18.11 Unpacking debian-archive-keyring (2021.1.1+deb11u1) over (2021.1.1) ...
#7 18.37 Setting up debian-archive-keyring (2021.1.1+deb11u1) ...
#7 18.55 Removing obsolete conffile /etc/apt/trusted.gpg.d/debian-archive-stretch-automatic.gpg ...
#7 18.57 Removing obsolete conffile /etc/apt/trusted.gpg.d/debian-archive-stretch-security-automatic.gpg ...
#7 18.58 Removing obsolete conffile /etc/apt/trusted.gpg.d/debian-archive-stretch-stable.gpg ...
(Reading database ... 40728 files and directories currently installed.)
#7 18.73 Preparing to unpack .../libtasn1-6_4.16.0-2+deb11u1_amd64.deb ...
#7 18.75 Unpacking libtasn1-6:amd64 (4.16.0-2+deb11u1) over (4.16.0-2) ...
#7 18.86 Setting up libtasn1-6:amd64 (4.16.0-2+deb11u1) ...
(Reading database ... 40728 files and directories currently installed.)
#7 19.02 Preparing to unpack .../libgnutls30_3.7.1-5+deb11u3_amd64.deb ...
#7 19.04 Unpacking libgnutls30:amd64 (3.7.1-5+deb11u3) over (3.7.1-5) ...
#7 19.25 Setting up libgnutls30:amd64 (3.7.1-5+deb11u3) ...
(Reading database ... 40728 files and directories currently installed.)
#7 19.38 Preparing to unpack .../libk5crypto3_1.18.3-6+deb11u3_amd64.deb ...
#7 19.40 Unpacking libk5crypto3:amd64 (1.18.3-6+deb11u3) over (1.18.3-6) ...
#7 19.52 Setting up libk5crypto3:amd64 (1.18.3-6+deb11u3) ...
(Reading database ... 40728 files and directories currently installed.)
#7 19.66 Preparing to unpack .../libkrb5support0_1.18.3-6+deb11u3_amd64.deb ...
#7 19.68 Unpacking libkrb5support0:amd64 (1.18.3-6+deb11u3) over (1.18.3-6) ...
#7 19.81 Setting up libkrb5support0:amd64 (1.18.3-6+deb11u3) ...
(Reading database ... 40728 files and directories currently installed.)
#7 19.94 Preparing to unpack .../libkrb5-3_1.18.3-6+deb11u3_amd64.deb ...
#7 19.96 Unpacking libkrb5-3:amd64 (1.18.3-6+deb11u3) over (1.18.3-6) ...
#7 20.09 Setting up libkrb5-3:amd64 (1.18.3-6+deb11u3) ...
(Reading database ... 40728 files and directories currently installed.)
#7 20.24 Preparing to unpack .../libgssapi-krb5-2_1.18.3-6+deb11u3_amd64.deb ...
#7 20.26 Unpacking libgssapi-krb5-2:amd64 (1.18.3-6+deb11u3) over (1.18.3-6) ...
#7 20.40 Setting up libgssapi-krb5-2:amd64 (1.18.3-6+deb11u3) ...
(Reading database ... 40728 files and directories currently installed.)
#7 20.55 Preparing to unpack .../liblzma5_5.2.5-2.1~deb11u1_amd64.deb ...
#7 20.58 Unpacking liblzma5:amd64 (5.2.5-2.1~deb11u1) over (5.2.5-2) ...
#7 20.70 Setting up liblzma5:amd64 (5.2.5-2.1~deb11u1) ...
(Reading database ... 40728 files and directories currently installed.)
#7 20.84 Preparing to unpack .../libseccomp2_2.5.1-1+deb11u1_amd64.deb ...
#7 20.86 Unpacking libseccomp2:amd64 (2.5.1-1+deb11u1) over (2.5.1-1) ...
#7 20.97 Setting up libseccomp2:amd64 (2.5.1-1+deb11u1) ...
(Reading database ... 40728 files and directories currently installed.)
#7 21.10 Preparing to unpack .../libsmartcols1_2.36.1-8+deb11u1_amd64.deb ...
#7 21.12 Unpacking libsmartcols1:amd64 (2.36.1-8+deb11u1) over (2.36.1-8) ...
#7 21.23 Setting up libsmartcols1:amd64 (2.36.1-8+deb11u1) ...
(Reading database ... 40728 files and directories currently installed.)
#7 21.36 Preparing to unpack .../libudev1_247.3-7+deb11u2_amd64.deb ...
#7 21.38 Unpacking libudev1:amd64 (247.3-7+deb11u2) over (247.3-6) ...
#7 21.51 Setting up libudev1:amd64 (247.3-7+deb11u2) ...
(Reading database ... 40728 files and directories currently installed.)
#7 21.64 Preparing to unpack .../tzdata_2021a-1+deb11u10_all.deb ...
#7 21.66 Unpacking tzdata (2021a-1+deb11u10) over (2021a-1) ...
#7 27.17 Setting up tzdata (2021a-1+deb11u10) ...
#7 27.25
#7 27.25 Current default time zone: 'Etc/UTC'
#7 27.25 Local time is now:      Wed May 31 13:17:26 UTC 2023.
#7 27.25 Universal Time is now:  Wed May 31 13:17:26 UTC 2023.
#7 27.25 Run 'dpkg-reconfigure tzdata' if you wish to change it.
#7 27.25
#7 27.28 Setting up mount (2.36.1-8+deb11u1) ...
#7 27.30 Processing triggers for libc-bin (2.31-13+deb11u6) ...
#7 27.35 Processing triggers for mailcap (3.69) ...
#7 27.44 + apt-get clean autoclean
#7 27.45 + apt-get autoremove --yes --purge
#7 27.47 Reading package lists...
#7 28.85 Building dependency tree...
#7 29.32 Reading state information...
#7 29.94 0 upgraded, 0 newly installed, 0 to remove and 0 not upgraded.
#7 29.94 + useradd --create-home --uid 1000 -G sudo,stack user
#7 30.04 + passwd -d user
#7 30.06 passwd: password expiry information changed.
#7 30.06 + ln -s /etc/stack/ /home/user/.stack
#7 30.06 + echo 'export PATH=/scripts/repo:$PATH'
#7 30.06 + PACKAGES=(nano mc clang-tidy graphviz python-is-python3 cargo rustc cppcheck check iwyu lcov libgtest-dev libxml2-dev)
#7 30.06 + apt-get install --no-install-recommends -y nano mc clang-tidy graphviz python-is-python3 cargo rustc cppcheck check iwyu lcov libgtest-dev libxml2-dev
#7 30.09 Reading package lists...
#7 31.48 Building dependency tree...
#7 31.94 Reading state information...
#7 32.45 The following packages were automatically installed and are no longer required:
#7 32.45   libpython2-stdlib libpython2.7-minimal libpython2.7-stdlib python2
#7 32.46   python2-minimal python2.7 python2.7-minimal
#7 32.46 Use 'apt autoremove' to remove them.
#7 32.46 The following additional packages will be installed:
#7 32.46   clang-tidy-11 clang-tools-11 fontconfig fontconfig-config fonts-dejavu-core
#7 32.46   googletest icu-devtools libann0 libcairo2 libcdt5 libcgraph6 libdatrie1
#7 32.46   libdeflate0 libfontconfig1 libfreetype6 libfribidi0 libgd3 libgit2-1.1
#7 32.46   libgpm2 libgraphite2-3 libgts-0.7-5 libgvc6 libgvpr2 libharfbuzz0b
#7 32.46   libhttp-parser2.9 libice6 libicu-dev libjbig0 libjson-perl liblab-gamut1
#7 32.46   libltdl7 libmbedcrypto3 libmbedtls12 libmbedx509-0 libpango-1.0-0
#7 32.46   libpangocairo-1.0-0 libpangoft2-1.0-0 libpathplan4 libperlio-gzip-perl
#7 32.46   libslang2 libsm6 libstd-rust-1.48 libstd-rust-dev libsubunit-dev libsubunit0
#7 32.46   libthai-data libthai0 libtiff5 libtinyxml2-8 libwebp6 libxaw7 libxcb-render0
#7 32.46   libxcb-shm0 libxext6 libxmu6 libxpm4 libxrender1 libxt6 mc-data
#7 32.46   python3-pygments python3-yaml x11-common
#7 32.47 Suggested packages:
#7 32.47   cargo-doc cppcheck-gui clang gsfonts graphviz-doc libgd-tools gpm icu-doc
#7 32.47   arj catdvi | texlive-binaries dbview djvulibre-bin epub-utils gv imagemagick
#7 32.47   libaspell-dev links | w3m | lynx odt2txt poppler-utils python python-boto
#7 32.47   python-tz unar wimtools xpdf | pdf-viewer zip hunspell python-pygments-doc
#7 32.47   ttf-bitstream-vera rust-doc rust-src lld-11
#7 32.47 Recommended packages:
#7 32.47   fonts-liberation libgd-gd2-perl libgts-bin libjson-xs-perl unzip cargo
#7 32.47   rust-gdb | rust-lldb
#7 33.01 The following packages will be REMOVED:
#7 33.01   python-is-python2
#7 33.01 The following NEW packages will be installed:
#7 33.01   cargo check clang-tidy clang-tidy-11 clang-tools-11 cppcheck fontconfig
#7 33.01   fontconfig-config fonts-dejavu-core googletest graphviz icu-devtools iwyu
#7 33.01   lcov libann0 libcairo2 libcdt5 libcgraph6 libdatrie1 libdeflate0
#7 33.01   libfontconfig1 libfreetype6 libfribidi0 libgd3 libgit2-1.1 libgpm2
#7 33.01   libgraphite2-3 libgtest-dev libgts-0.7-5 libgvc6 libgvpr2 libharfbuzz0b
#7 33.01   libhttp-parser2.9 libice6 libicu-dev libjbig0 libjson-perl liblab-gamut1
#7 33.01   libltdl7 libmbedcrypto3 libmbedtls12 libmbedx509-0 libpango-1.0-0
#7 33.01   libpangocairo-1.0-0 libpangoft2-1.0-0 libpathplan4 libperlio-gzip-perl
#7 33.02   libslang2 libsm6 libstd-rust-1.48 libstd-rust-dev libsubunit-dev libsubunit0
#7 33.02   libthai-data libthai0 libtiff5 libtinyxml2-8 libwebp6 libxaw7 libxcb-render0
#7 33.02   libxcb-shm0 libxext6 libxml2-dev libxmu6 libxpm4 libxrender1 libxt6 mc
#7 33.02   mc-data nano python-is-python3 python3-pygments python3-yaml rustc
#7 33.02   x11-common
#7 33.14 0 upgraded, 75 newly installed, 1 to remove and 0 not upgraded.
#7 33.14 Need to get 91.1 MB of archives.
#7 33.14 After this operation, 413 MB of additional disk space will be used.
#7 33.14 Get:1 http://security.debian.org/debian-security bullseye-security/main amd64 libwebp6 amd64 0.6.1-2.1+deb11u1 [258 kB]
#7 33.17 Get:2 http://deb.debian.org/debian bullseye/main amd64 nano amd64 5.4-2+deb11u2 [657 kB]
#7 33.33 Get:3 http://deb.debian.org/debian bullseye/main amd64 libhttp-parser2.9 amd64 2.9.4-4+deb11u1 [22.2 kB]
#7 33.33 Get:4 http://deb.debian.org/debian bullseye/main amd64 libmbedcrypto3 amd64 2.16.9-0.1 [219 kB]
#7 33.34 Get:5 http://deb.debian.org/debian bullseye/main amd64 libmbedx509-0 amd64 2.16.9-0.1 [109 kB]
#7 33.34 Get:6 http://deb.debian.org/debian bullseye/main amd64 libmbedtls12 amd64 2.16.9-0.1 [139 kB]
#7 33.35 Get:7 http://deb.debian.org/debian bullseye/main amd64 libgit2-1.1 amd64 1.1.0+dfsg.1-4+deb11u1 [444 kB]
#7 33.38 Get:8 http://deb.debian.org/debian bullseye/main amd64 libstd-rust-1.48 amd64 1.48.0+dfsg1-2 [20.7 MB]
#7 35.38 Get:9 http://deb.debian.org/debian bullseye/main amd64 libstd-rust-dev amd64 1.48.0+dfsg1-2 [29.5 MB]
#7 38.39 Get:10 http://deb.debian.org/debian bullseye/main amd64 rustc amd64 1.48.0+dfsg1-2 [2,049 kB]
#7 38.59 Get:11 http://deb.debian.org/debian bullseye/main amd64 cargo amd64 0.47.0-3+b1 [2,870 kB]
#7 38.89 Get:12 http://deb.debian.org/debian bullseye/main amd64 libsubunit0 amd64 1.4.0-3 [9,724 B]
#7 38.90 Get:13 http://deb.debian.org/debian bullseye/main amd64 libsubunit-dev amd64 1.4.0-3 [10.7 kB]
#7 38.90 Get:14 http://deb.debian.org/debian bullseye/main amd64 check amd64 0.15.2-2 [115 kB]
#7 38.91 Get:15 http://deb.debian.org/debian bullseye/main amd64 clang-tools-11 amd64 1:11.0.1-2 [5,708 kB]
#7 39.49 Get:16 http://deb.debian.org/debian bullseye/main amd64 python3-yaml amd64 5.3.1-5 [138 kB]
#7 39.49 Get:17 http://deb.debian.org/debian bullseye/main amd64 clang-tidy-11 amd64 1:11.0.1-2 [1,097 kB]
#7 39.60 Get:18 http://deb.debian.org/debian bullseye/main amd64 clang-tidy amd64 1:11.0-51+nmu5 [8,628 B]
#7 39.61 Get:19 http://deb.debian.org/debian bullseye/main amd64 libtinyxml2-8 amd64 8.0.0+dfsg-2 [30.2 kB]
#7 39.62 Get:20 http://deb.debian.org/debian bullseye/main amd64 python3-pygments all 2.7.1+dfsg-2.1 [657 kB]
#7 39.69 Get:21 http://deb.debian.org/debian bullseye/main amd64 cppcheck amd64 2.3-1 [1,706 kB]
#7 39.86 Get:22 http://deb.debian.org/debian bullseye/main amd64 libfreetype6 amd64 2.10.4+dfsg-1+deb11u1 [418 kB]
#7 39.90 Get:23 http://deb.debian.org/debian bullseye/main amd64 fonts-dejavu-core all 2.37-2 [1,069 kB]
#7 40.01 Get:24 http://deb.debian.org/debian bullseye/main amd64 fontconfig-config all 2.13.1-4.2 [281 kB]
#7 40.04 Get:25 http://deb.debian.org/debian bullseye/main amd64 libfontconfig1 amd64 2.13.1-4.2 [347 kB]
#7 40.06 Get:26 http://deb.debian.org/debian bullseye/main amd64 fontconfig amd64 2.13.1-4.2 [417 kB]
#7 40.11 Get:27 http://deb.debian.org/debian bullseye/main amd64 googletest all 1.10.0.20201025-1.1 [629 kB]
#7 40.16 Get:28 http://deb.debian.org/debian bullseye/main amd64 libann0 amd64 1.1.2+doc-7 [25.3 kB]
#7 40.16 Get:29 http://deb.debian.org/debian bullseye/main amd64 libcdt5 amd64 2.42.2-5 [62.2 kB]
#7 40.18 Get:30 http://deb.debian.org/debian bullseye/main amd64 libcgraph6 amd64 2.42.2-5 [85.5 kB]
#7 40.19 Get:31 http://deb.debian.org/debian bullseye/main amd64 libdeflate0 amd64 1.7-1 [53.1 kB]
#7 40.19 Get:32 http://deb.debian.org/debian bullseye/main amd64 libjbig0 amd64 2.1-3.1+b2 [31.0 kB]
#7 40.19 Get:33 http://deb.debian.org/debian bullseye/main amd64 libtiff5 amd64 4.2.0-1+deb11u4 [290 kB]
#7 40.22 Get:34 http://deb.debian.org/debian bullseye/main amd64 libxpm4 amd64 1:3.5.12-1.1~deb11u1 [49.6 kB]
#7 40.22 Get:35 http://deb.debian.org/debian bullseye/main amd64 libgd3 amd64 2.3.0-2 [137 kB]
#7 40.23 Get:36 http://deb.debian.org/debian bullseye/main amd64 libgts-0.7-5 amd64 0.7.6+darcs121130-4+b1 [158 kB]
#7 40.26 Get:37 http://deb.debian.org/debian bullseye/main amd64 libxcb-render0 amd64 1.14-3 [111 kB]
#7 40.26 Get:38 http://deb.debian.org/debian bullseye/main amd64 libxcb-shm0 amd64 1.14-3 [101 kB]
#7 40.27 Get:39 http://deb.debian.org/debian bullseye/main amd64 libxext6 amd64 2:1.3.3-1.1 [52.7 kB]
#7 40.29 Get:40 http://deb.debian.org/debian bullseye/main amd64 libxrender1 amd64 1:0.9.10-1 [33.0 kB]
#7 40.30 Get:41 http://deb.debian.org/debian bullseye/main amd64 libcairo2 amd64 1.16.0-5 [694 kB]
#7 40.36 Get:42 http://deb.debian.org/debian bullseye/main amd64 libltdl7 amd64 2.4.6-15 [391 kB]
#7 40.39 Get:43 http://deb.debian.org/debian bullseye/main amd64 libfribidi0 amd64 1.0.8-2+deb11u1 [64.9 kB]
#7 40.39 Get:44 http://deb.debian.org/debian bullseye/main amd64 libgraphite2-3 amd64 1.3.14-1 [81.2 kB]
#7 40.40 Get:45 http://deb.debian.org/debian bullseye/main amd64 libharfbuzz0b amd64 2.7.4-1 [1,471 kB]
#7 40.54 Get:46 http://deb.debian.org/debian bullseye/main amd64 libthai-data all 0.1.28-3 [170 kB]
#7 40.56 Get:47 http://deb.debian.org/debian bullseye/main amd64 libdatrie1 amd64 0.2.13-1 [42.7 kB]
#7 40.56 Get:48 http://deb.debian.org/debian bullseye/main amd64 libthai0 amd64 0.1.28-3 [54.2 kB]
#7 40.56 Get:49 http://deb.debian.org/debian bullseye/main amd64 libpango-1.0-0 amd64 1.46.2-3 [191 kB]
#7 40.59 Get:50 http://deb.debian.org/debian bullseye/main amd64 libpangoft2-1.0-0 amd64 1.46.2-3 [62.2 kB]
#7 40.59 Get:51 http://deb.debian.org/debian bullseye/main amd64 libpangocairo-1.0-0 amd64 1.46.2-3 [50.6 kB]
#7 40.60 Get:52 http://deb.debian.org/debian bullseye/main amd64 libpathplan4 amd64 2.42.2-5 [64.3 kB]
#7 40.60 Get:53 http://deb.debian.org/debian bullseye/main amd64 libgvc6 amd64 2.42.2-5 [695 kB]
#7 40.67 Get:54 http://deb.debian.org/debian bullseye/main amd64 libgvpr2 amd64 2.42.2-5 [212 kB]
#7 40.68 Get:55 http://deb.debian.org/debian bullseye/main amd64 liblab-gamut1 amd64 2.42.2-5 [221 kB]
#7 40.71 Get:56 http://deb.debian.org/debian bullseye/main amd64 x11-common all 1:7.7+22 [252 kB]
#7 40.74 Get:57 http://deb.debian.org/debian bullseye/main amd64 libice6 amd64 2:1.0.10-1 [58.5 kB]
#7 40.74 Get:58 http://deb.debian.org/debian bullseye/main amd64 libsm6 amd64 2:1.2.3-1 [35.1 kB]
#7 40.75 Get:59 http://deb.debian.org/debian bullseye/main amd64 libxt6 amd64 1:1.2.0-1 [189 kB]
#7 40.78 Get:60 http://deb.debian.org/debian bullseye/main amd64 libxmu6 amd64 2:1.1.2-2+b3 [60.8 kB]
#7 40.79 Get:61 http://deb.debian.org/debian bullseye/main amd64 libxaw7 amd64 2:1.0.13-1.1 [202 kB]
#7 40.80 Get:62 http://deb.debian.org/debian bullseye/main amd64 graphviz amd64 2.42.2-5 [632 kB]
#7 40.87 Get:63 http://deb.debian.org/debian bullseye/main amd64 icu-devtools amd64 67.1-7 [201 kB]
#7 40.90 Get:64 http://deb.debian.org/debian bullseye/main amd64 iwyu amd64 8.15-2 [892 kB]
#7 40.99 Get:65 http://deb.debian.org/debian bullseye/main amd64 libjson-perl all 4.03000-1 [88.6 kB]
#7 41.00 Get:66 http://deb.debian.org/debian bullseye/main amd64 libperlio-gzip-perl amd64 0.19-1+b7 [17.4 kB]
#7 41.00 Get:67 http://deb.debian.org/debian bullseye/main amd64 lcov all 1.14-2 [138 kB]
#7 41.00 Get:68 http://deb.debian.org/debian bullseye/main amd64 libgpm2 amd64 1.20.7-8 [35.6 kB]
#7 41.02 Get:69 http://deb.debian.org/debian bullseye/main amd64 libgtest-dev amd64 1.10.0.20201025-1.1 [226 kB]
#7 41.03 Get:70 http://deb.debian.org/debian bullseye/main amd64 libicu-dev amd64 67.1-7 [9,597 kB]
#7 41.96 Get:71 http://deb.debian.org/debian bullseye/main amd64 libslang2 amd64 2.3.2-5 [509 kB]
#7 42.00 Get:72 http://deb.debian.org/debian bullseye/main amd64 libxml2-dev amd64 2.9.10+dfsg-6.7+deb11u4 [790 kB]
#7 42.07 Get:73 http://deb.debian.org/debian bullseye/main amd64 mc-data all 3:4.8.26-1.1 [1,346 kB]
#7 42.22 Get:74 http://deb.debian.org/debian bullseye/main amd64 mc amd64 3:4.8.26-1.1 [534 kB]
#7 42.27 Get:75 http://deb.debian.org/debian bullseye/main amd64 python-is-python3 all 3.9.2-1 [2,800 B]
#7 42.50 debconf: delaying package configuration, since apt-utils is not installed
#7 42.61 Fetched 91.1 MB in 9s (9,873 kB/s)
(Reading database ... 40731 files and directories currently installed.)
#7 42.65 Removing python-is-python2 (2.7.18-9) ...
#7 42.80 Selecting previously unselected package nano.
(Reading database ... 40726 files and directories currently installed.)
#7 42.84 Preparing to unpack .../00-nano_5.4-2+deb11u2_amd64.deb ...
#7 42.85 Unpacking nano (5.4-2+deb11u2) ...
#7 42.96 Selecting previously unselected package libhttp-parser2.9:amd64.
#7 42.97 Preparing to unpack .../01-libhttp-parser2.9_2.9.4-4+deb11u1_amd64.deb ...
#7 42.98 Unpacking libhttp-parser2.9:amd64 (2.9.4-4+deb11u1) ...
#7 43.06 Selecting previously unselected package libmbedcrypto3:amd64.
#7 43.07 Preparing to unpack .../02-libmbedcrypto3_2.16.9-0.1_amd64.deb ...
#7 43.08 Unpacking libmbedcrypto3:amd64 (2.16.9-0.1) ...
#7 43.19 Selecting previously unselected package libmbedx509-0:amd64.
#7 43.20 Preparing to unpack .../03-libmbedx509-0_2.16.9-0.1_amd64.deb ...
#7 43.21 Unpacking libmbedx509-0:amd64 (2.16.9-0.1) ...
#7 43.31 Selecting previously unselected package libmbedtls12:amd64.
#7 43.32 Preparing to unpack .../04-libmbedtls12_2.16.9-0.1_amd64.deb ...
#7 43.33 Unpacking libmbedtls12:amd64 (2.16.9-0.1) ...
#7 43.44 Selecting previously unselected package libgit2-1.1:amd64.
#7 43.45 Preparing to unpack .../05-libgit2-1.1_1.1.0+dfsg.1-4+deb11u1_amd64.deb ...
#7 43.45 Unpacking libgit2-1.1:amd64 (1.1.0+dfsg.1-4+deb11u1) ...
#7 43.58 Selecting previously unselected package libstd-rust-1.48:amd64.
#7 43.59 Preparing to unpack .../06-libstd-rust-1.48_1.48.0+dfsg1-2_amd64.deb ...
#7 43.59 Unpacking libstd-rust-1.48:amd64 (1.48.0+dfsg1-2) ...
#7 45.03 Selecting previously unselected package libstd-rust-dev:amd64.
#7 45.03 Preparing to unpack .../07-libstd-rust-dev_1.48.0+dfsg1-2_amd64.deb ...
#7 45.04 Unpacking libstd-rust-dev:amd64 (1.48.0+dfsg1-2) ...
#7 47.20 Selecting previously unselected package rustc.
#7 47.20 Preparing to unpack .../08-rustc_1.48.0+dfsg1-2_amd64.deb ...
#7 47.20 Unpacking rustc (1.48.0+dfsg1-2) ...
#7 47.38 Selecting previously unselected package cargo.
#7 47.39 Preparing to unpack .../09-cargo_0.47.0-3+b1_amd64.deb ...
#7 47.39 Unpacking cargo (0.47.0-3+b1) ...
#7 47.66 Selecting previously unselected package libsubunit0:amd64.
#7 47.67 Preparing to unpack .../10-libsubunit0_1.4.0-3_amd64.deb ...
#7 47.67 Unpacking libsubunit0:amd64 (1.4.0-3) ...
#7 47.72 Selecting previously unselected package libsubunit-dev:amd64.
#7 47.72 Preparing to unpack .../11-libsubunit-dev_1.4.0-3_amd64.deb ...
#7 47.73 Unpacking libsubunit-dev:amd64 (1.4.0-3) ...
#7 47.79 Selecting previously unselected package check:amd64.
#7 47.80 Preparing to unpack .../12-check_0.15.2-2_amd64.deb ...
#7 47.81 Unpacking check:amd64 (0.15.2-2) ...
#7 47.89 Selecting previously unselected package clang-tools-11.
#7 47.90 Preparing to unpack .../13-clang-tools-11_1%3a11.0.1-2_amd64.deb ...
#7 47.91 Unpacking clang-tools-11 (1:11.0.1-2) ...
#7 48.40 Selecting previously unselected package python3-yaml.
#7 48.41 Preparing to unpack .../14-python3-yaml_5.3.1-5_amd64.deb ...
#7 48.42 Unpacking python3-yaml (5.3.1-5) ...
#7 48.50 Selecting previously unselected package clang-tidy-11.
#7 48.51 Preparing to unpack .../15-clang-tidy-11_1%3a11.0.1-2_amd64.deb ...
#7 48.52 Unpacking clang-tidy-11 (1:11.0.1-2) ...
#7 48.68 Selecting previously unselected package clang-tidy.
#7 48.69 Preparing to unpack .../16-clang-tidy_1%3a11.0-51+nmu5_amd64.deb ...
#7 48.69 Unpacking clang-tidy (1:11.0-51+nmu5) ...
#7 48.77 Selecting previously unselected package libtinyxml2-8:amd64.
#7 48.78 Preparing to unpack .../17-libtinyxml2-8_8.0.0+dfsg-2_amd64.deb ...
#7 48.79 Unpacking libtinyxml2-8:amd64 (8.0.0+dfsg-2) ...
#7 48.87 Selecting previously unselected package python3-pygments.
#7 48.88 Preparing to unpack .../18-python3-pygments_2.7.1+dfsg-2.1_all.deb ...
#7 48.88 Unpacking python3-pygments (2.7.1+dfsg-2.1) ...
#7 49.02 Selecting previously unselected package cppcheck.
#7 49.03 Preparing to unpack .../19-cppcheck_2.3-1_amd64.deb ...
#7 49.03 Unpacking cppcheck (2.3-1) ...
#7 49.24 Selecting previously unselected package libfreetype6:amd64.
#7 49.25 Preparing to unpack .../20-libfreetype6_2.10.4+dfsg-1+deb11u1_amd64.deb ...
#7 49.26 Unpacking libfreetype6:amd64 (2.10.4+dfsg-1+deb11u1) ...
#7 49.38 Selecting previously unselected package fonts-dejavu-core.
#7 49.38 Preparing to unpack .../21-fonts-dejavu-core_2.37-2_all.deb ...
#7 49.39 Unpacking fonts-dejavu-core (2.37-2) ...
#7 49.60 Selecting previously unselected package fontconfig-config.
#7 49.61 Preparing to unpack .../22-fontconfig-config_2.13.1-4.2_all.deb ...
#7 49.84 Unpacking fontconfig-config (2.13.1-4.2) ...
#7 49.94 Selecting previously unselected package libfontconfig1:amd64.
#7 49.95 Preparing to unpack .../23-libfontconfig1_2.13.1-4.2_amd64.deb ...
#7 49.96 Unpacking libfontconfig1:amd64 (2.13.1-4.2) ...
#7 50.07 Selecting previously unselected package fontconfig.
#7 50.07 Preparing to unpack .../24-fontconfig_2.13.1-4.2_amd64.deb ...
#7 50.08 Unpacking fontconfig (2.13.1-4.2) ...
#7 50.18 Selecting previously unselected package googletest.
#7 50.19 Preparing to unpack .../25-googletest_1.10.0.20201025-1.1_all.deb ...
#7 50.20 Unpacking googletest (1.10.0.20201025-1.1) ...
#7 50.33 Selecting previously unselected package libann0.
#7 50.34 Preparing to unpack .../26-libann0_1.1.2+doc-7_amd64.deb ...
#7 50.35 Unpacking libann0 (1.1.2+doc-7) ...
#7 50.45 Selecting previously unselected package libcdt5:amd64.
#7 50.46 Preparing to unpack .../27-libcdt5_2.42.2-5_amd64.deb ...
#7 50.47 Unpacking libcdt5:amd64 (2.42.2-5) ...
#7 50.55 Selecting previously unselected package libcgraph6:amd64.
#7 50.56 Preparing to unpack .../28-libcgraph6_2.42.2-5_amd64.deb ...
#7 50.57 Unpacking libcgraph6:amd64 (2.42.2-5) ...
#7 50.65 Selecting previously unselected package libdeflate0:amd64.
#7 50.66 Preparing to unpack .../29-libdeflate0_1.7-1_amd64.deb ...
#7 50.67 Unpacking libdeflate0:amd64 (1.7-1) ...
#7 50.76 Selecting previously unselected package libjbig0:amd64.
#7 50.77 Preparing to unpack .../30-libjbig0_2.1-3.1+b2_amd64.deb ...
#7 50.78 Unpacking libjbig0:amd64 (2.1-3.1+b2) ...
#7 50.87 Selecting previously unselected package libwebp6:amd64.
#7 50.88 Preparing to unpack .../31-libwebp6_0.6.1-2.1+deb11u1_amd64.deb ...
#7 50.88 Unpacking libwebp6:amd64 (0.6.1-2.1+deb11u1) ...
#7 51.01 Selecting previously unselected package libtiff5:amd64.
#7 51.01 Preparing to unpack .../32-libtiff5_4.2.0-1+deb11u4_amd64.deb ...
#7 51.02 Unpacking libtiff5:amd64 (4.2.0-1+deb11u4) ...
#7 51.13 Selecting previously unselected package libxpm4:amd64.
#7 51.14 Preparing to unpack .../33-libxpm4_1%3a3.5.12-1.1~deb11u1_amd64.deb ...
#7 51.15 Unpacking libxpm4:amd64 (1:3.5.12-1.1~deb11u1) ...
#7 51.24 Selecting previously unselected package libgd3:amd64.
#7 51.24 Preparing to unpack .../34-libgd3_2.3.0-2_amd64.deb ...
#7 51.25 Unpacking libgd3:amd64 (2.3.0-2) ...
#7 51.36 Selecting previously unselected package libgts-0.7-5:amd64.
#7 51.37 Preparing to unpack .../35-libgts-0.7-5_0.7.6+darcs121130-4+b1_amd64.deb ...
#7 51.37 Unpacking libgts-0.7-5:amd64 (0.7.6+darcs121130-4+b1) ...
#7 51.47 Selecting previously unselected package libxcb-render0:amd64.
#7 51.48 Preparing to unpack .../36-libxcb-render0_1.14-3_amd64.deb ...
#7 51.48 Unpacking libxcb-render0:amd64 (1.14-3) ...
#7 51.59 Selecting previously unselected package libxcb-shm0:amd64.
#7 51.60 Preparing to unpack .../37-libxcb-shm0_1.14-3_amd64.deb ...
#7 51.61 Unpacking libxcb-shm0:amd64 (1.14-3) ...
#7 51.70 Selecting previously unselected package libxext6:amd64.
#7 51.71 Preparing to unpack .../38-libxext6_2%3a1.3.3-1.1_amd64.deb ...
#7 51.72 Unpacking libxext6:amd64 (2:1.3.3-1.1) ...
#7 51.81 Selecting previously unselected package libxrender1:amd64.
#7 51.82 Preparing to unpack .../39-libxrender1_1%3a0.9.10-1_amd64.deb ...
#7 51.83 Unpacking libxrender1:amd64 (1:0.9.10-1) ...
#7 51.93 Selecting previously unselected package libcairo2:amd64.
#7 51.93 Preparing to unpack .../40-libcairo2_1.16.0-5_amd64.deb ...
#7 51.94 Unpacking libcairo2:amd64 (1.16.0-5) ...
#7 52.06 Selecting previously unselected package libltdl7:amd64.
#7 52.06 Preparing to unpack .../41-libltdl7_2.4.6-15_amd64.deb ...
#7 52.07 Unpacking libltdl7:amd64 (2.4.6-15) ...
#7 52.13 Selecting previously unselected package libfribidi0:amd64.
#7 52.14 Preparing to unpack .../42-libfribidi0_1.0.8-2+deb11u1_amd64.deb ...
#7 52.15 Unpacking libfribidi0:amd64 (1.0.8-2+deb11u1) ...
#7 52.21 Selecting previously unselected package libgraphite2-3:amd64.
#7 52.22 Preparing to unpack .../43-libgraphite2-3_1.3.14-1_amd64.deb ...
#7 52.23 Unpacking libgraphite2-3:amd64 (1.3.14-1) ...
#7 52.32 Selecting previously unselected package libharfbuzz0b:amd64.
#7 52.33 Preparing to unpack .../44-libharfbuzz0b_2.7.4-1_amd64.deb ...
#7 52.34 Unpacking libharfbuzz0b:amd64 (2.7.4-1) ...
#7 52.46 Selecting previously unselected package libthai-data.
#7 52.47 Preparing to unpack .../45-libthai-data_0.1.28-3_all.deb ...
#7 52.47 Unpacking libthai-data (0.1.28-3) ...
#7 52.59 Selecting previously unselected package libdatrie1:amd64.
#7 52.60 Preparing to unpack .../46-libdatrie1_0.2.13-1_amd64.deb ...
#7 52.60 Unpacking libdatrie1:amd64 (0.2.13-1) ...
#7 52.69 Selecting previously unselected package libthai0:amd64.
#7 52.70 Preparing to unpack .../47-libthai0_0.1.28-3_amd64.deb ...
#7 52.71 Unpacking libthai0:amd64 (0.1.28-3) ...
#7 52.79 Selecting previously unselected package libpango-1.0-0:amd64.
#7 52.80 Preparing to unpack .../48-libpango-1.0-0_1.46.2-3_amd64.deb ...
#7 52.80 Unpacking libpango-1.0-0:amd64 (1.46.2-3) ...
#7 52.86 Selecting previously unselected package libpangoft2-1.0-0:amd64.
#7 52.87 Preparing to unpack .../49-libpangoft2-1.0-0_1.46.2-3_amd64.deb ...
#7 52.87 Unpacking libpangoft2-1.0-0:amd64 (1.46.2-3) ...
#7 52.94 Selecting previously unselected package libpangocairo-1.0-0:amd64.
#7 52.95 Preparing to unpack .../50-libpangocairo-1.0-0_1.46.2-3_amd64.deb ...
#7 52.96 Unpacking libpangocairo-1.0-0:amd64 (1.46.2-3) ...
#7 53.05 Selecting previously unselected package libpathplan4:amd64.
#7 53.06 Preparing to unpack .../51-libpathplan4_2.42.2-5_amd64.deb ...
#7 53.07 Unpacking libpathplan4:amd64 (2.42.2-5) ...
#7 53.15 Selecting previously unselected package libgvc6.
#7 53.15 Preparing to unpack .../52-libgvc6_2.42.2-5_amd64.deb ...
#7 53.16 Unpacking libgvc6 (2.42.2-5) ...
#7 53.27 Selecting previously unselected package libgvpr2:amd64.
#7 53.28 Preparing to unpack .../53-libgvpr2_2.42.2-5_amd64.deb ...
#7 53.29 Unpacking libgvpr2:amd64 (2.42.2-5) ...
#7 53.40 Selecting previously unselected package liblab-gamut1:amd64.
#7 53.41 Preparing to unpack .../54-liblab-gamut1_2.42.2-5_amd64.deb ...
#7 53.41 Unpacking liblab-gamut1:amd64 (2.42.2-5) ...
#7 53.57 Selecting previously unselected package x11-common.
#7 53.58 Preparing to unpack .../55-x11-common_1%3a7.7+22_all.deb ...
#7 53.59 Unpacking x11-common (1:7.7+22) ...
#7 53.67 Selecting previously unselected package libice6:amd64.
#7 53.67 Preparing to unpack .../56-libice6_2%3a1.0.10-1_amd64.deb ...
#7 53.68 Unpacking libice6:amd64 (2:1.0.10-1) ...
#7 53.75 Selecting previously unselected package libsm6:amd64.
#7 53.76 Preparing to unpack .../57-libsm6_2%3a1.2.3-1_amd64.deb ...
#7 53.76 Unpacking libsm6:amd64 (2:1.2.3-1) ...
#7 53.82 Selecting previously unselected package libxt6:amd64.
#7 53.83 Preparing to unpack .../58-libxt6_1%3a1.2.0-1_amd64.deb ...
#7 53.83 Unpacking libxt6:amd64 (1:1.2.0-1) ...
#7 53.89 Selecting previously unselected package libxmu6:amd64.
#7 53.90 Preparing to unpack .../59-libxmu6_2%3a1.1.2-2+b3_amd64.deb ...
#7 53.90 Unpacking libxmu6:amd64 (2:1.1.2-2+b3) ...
#7 53.97 Selecting previously unselected package libxaw7:amd64.
#7 53.97 Preparing to unpack .../60-libxaw7_2%3a1.0.13-1.1_amd64.deb ...
#7 53.98 Unpacking libxaw7:amd64 (2:1.0.13-1.1) ...
#7 54.04 Selecting previously unselected package graphviz.
#7 54.06 Preparing to unpack .../61-graphviz_2.42.2-5_amd64.deb ...
#7 54.06 Unpacking graphviz (2.42.2-5) ...
#7 54.25 Selecting previously unselected package icu-devtools.
#7 54.26 Preparing to unpack .../62-icu-devtools_67.1-7_amd64.deb ...
#7 54.27 Unpacking icu-devtools (67.1-7) ...
#7 54.38 Selecting previously unselected package iwyu.
#7 54.39 Preparing to unpack .../63-iwyu_8.15-2_amd64.deb ...
#7 54.40 Unpacking iwyu (8.15-2) ...
#7 54.55 Selecting previously unselected package libjson-perl.
#7 54.55 Preparing to unpack .../64-libjson-perl_4.03000-1_all.deb ...
#7 54.56 Unpacking libjson-perl (4.03000-1) ...
#7 54.61 Selecting previously unselected package libperlio-gzip-perl.
#7 54.62 Preparing to unpack .../65-libperlio-gzip-perl_0.19-1+b7_amd64.deb ...
#7 54.62 Unpacking libperlio-gzip-perl (0.19-1+b7) ...
#7 54.67 Selecting previously unselected package lcov.
#7 54.67 Preparing to unpack .../66-lcov_1.14-2_all.deb ...
#7 54.68 Unpacking lcov (1.14-2) ...
#7 54.74 Selecting previously unselected package libgpm2:amd64.
#7 54.74 Preparing to unpack .../67-libgpm2_1.20.7-8_amd64.deb ...
#7 54.75 Unpacking libgpm2:amd64 (1.20.7-8) ...
#7 54.79 Selecting previously unselected package libgtest-dev:amd64.
#7 54.80 Preparing to unpack .../68-libgtest-dev_1.10.0.20201025-1.1_amd64.deb ...
#7 54.80 Unpacking libgtest-dev:amd64 (1.10.0.20201025-1.1) ...
#7 54.87 Selecting previously unselected package libicu-dev:amd64.
#7 54.87 Preparing to unpack .../69-libicu-dev_67.1-7_amd64.deb ...
#7 54.88 Unpacking libicu-dev:amd64 (67.1-7) ...
#7 55.64 Selecting previously unselected package libslang2:amd64.
#7 55.64 Preparing to unpack .../70-libslang2_2.3.2-5_amd64.deb ...
#7 55.65 Unpacking libslang2:amd64 (2.3.2-5) ...
#7 55.74 Selecting previously unselected package libxml2-dev:amd64.
#7 55.74 Preparing to unpack .../71-libxml2-dev_2.9.10+dfsg-6.7+deb11u4_amd64.deb ...
#7 55.75 Unpacking libxml2-dev:amd64 (2.9.10+dfsg-6.7+deb11u4) ...
#7 55.86 Selecting previously unselected package mc-data.
#7 55.87 Preparing to unpack .../72-mc-data_3%3a4.8.26-1.1_all.deb ...
#7 55.88 Unpacking mc-data (3:4.8.26-1.1) ...
#7 56.07 Selecting previously unselected package mc.
#7 56.08 Preparing to unpack .../73-mc_3%3a4.8.26-1.1_amd64.deb ...
#7 56.11 Unpacking mc (3:4.8.26-1.1) ...
#7 56.21 Selecting previously unselected package python-is-python3.
#7 56.22 Preparing to unpack .../74-python-is-python3_3.9.2-1_all.deb ...
#7 56.22 Unpacking python-is-python3 (3.9.2-1) ...
#7 56.34 Setting up libgraphite2-3:amd64 (1.3.14-1) ...
#7 56.36 Setting up iwyu (8.15-2) ...
#7 56.39 Setting up libgpm2:amd64 (1.20.7-8) ...
#7 56.41 Setting up libxpm4:amd64 (1:3.5.12-1.1~deb11u1) ...
#7 56.43 Setting up libxrender1:amd64 (1:0.9.10-1) ...
#7 56.46 Setting up libdatrie1:amd64 (0.2.13-1) ...
#7 56.48 Setting up libxcb-render0:amd64 (1.14-3) ...
#7 56.51 Setting up liblab-gamut1:amd64 (2.42.2-5) ...
#7 56.53 Setting up x11-common (1:7.7+22) ...
#7 56.74 invoke-rc.d: could not determine current runlevel
#7 56.75 invoke-rc.d: policy-rc.d denied execution of start.
#7 56.75 Setting up libdeflate0:amd64 (1.7-1) ...
#7 56.77 Setting up libxext6:amd64 (2:1.3.3-1.1) ...
#7 56.80 Setting up python3-yaml (5.3.1-5) ...
#7 56.98 Setting up libxcb-shm0:amd64 (1.14-3) ...
#7 57.01 Setting up libsubunit0:amd64 (1.4.0-3) ...
#7 57.03 Setting up googletest (1.10.0.20201025-1.1) ...
#7 57.05 Setting up libjbig0:amd64 (2.1-3.1+b2) ...
#7 57.07 Setting up libgts-0.7-5:amd64 (0.7.6+darcs121130-4+b1) ...
#7 57.09 Setting up python3-pygments (2.7.1+dfsg-2.1) ...
#7 57.49 Setting up libslang2:amd64 (2.3.2-5) ...
#7 57.51 Setting up libfreetype6:amd64 (2.10.4+dfsg-1+deb11u1) ...
#7 57.53 Setting up libtinyxml2-8:amd64 (8.0.0+dfsg-2) ...
#7 57.56 Setting up libpathplan4:amd64 (2.42.2-5) ...
#7 57.58 Setting up libann0 (1.1.2+doc-7) ...
#7 57.60 Setting up libfribidi0:amd64 (1.0.8-2+deb11u1) ...
#7 57.63 Setting up libwebp6:amd64 (0.6.1-2.1+deb11u1) ...
#7 57.65 Setting up icu-devtools (67.1-7) ...
#7 57.68 Setting up fonts-dejavu-core (2.37-2) ...
#7 57.79 Setting up libstd-rust-1.48:amd64 (1.48.0+dfsg1-2) ...
#7 57.82 Setting up libltdl7:amd64 (2.4.6-15) ...
#7 57.84 Setting up mc-data (3:4.8.26-1.1) ...
#7 57.86 Setting up cppcheck (2.3-1) ...
#7 57.89 Setting up nano (5.4-2+deb11u2) ...
#7 57.92 update-alternatives: using /bin/nano to provide /usr/bin/editor (editor) in auto mode
#7 57.92 update-alternatives: warning: skip creation of /usr/share/man/man1/editor.1.gz because associated file /usr/share/man/man1/nano.1.gz (of link group editor) doesn't exist
#7 57.93 update-alternatives: using /bin/nano to provide /usr/bin/pico (pico) in auto mode
#7 57.93 update-alternatives: warning: skip creation of /usr/share/man/man1/pico.1.gz because associated file /usr/share/man/man1/nano.1.gz (of link group pico) doesn't exist
#7 57.94 Setting up libjson-perl (4.03000-1) ...
#7 57.96 Setting up libmbedcrypto3:amd64 (2.16.9-0.1) ...
#7 57.99 Setting up libharfbuzz0b:amd64 (2.7.4-1) ...
#7 58.01 Setting up libthai-data (0.1.28-3) ...
#7 58.04 Setting up libcdt5:amd64 (2.42.2-5) ...
#7 58.06 Setting up libcgraph6:amd64 (2.42.2-5) ...
#7 58.08 Setting up libtiff5:amd64 (4.2.0-1+deb11u4) ...
#7 58.11 Setting up libperlio-gzip-perl (0.19-1+b7) ...
#7 58.13 Setting up python-is-python3 (3.9.2-1) ...
#7 58.15 Setting up clang-tools-11 (1:11.0.1-2) ...
#7 58.17 Setting up libicu-dev:amd64 (67.1-7) ...
#7 58.20 Setting up libhttp-parser2.9:amd64 (2.9.4-4+deb11u1) ...
#7 58.22 Setting up libice6:amd64 (2:1.0.10-1) ...
#7 58.24 Setting up libgtest-dev:amd64 (1.10.0.20201025-1.1) ...
#7 58.27 Setting up mc (3:4.8.26-1.1) ...
#7 58.36 update-alternatives: using /usr/bin/mcview to provide /usr/bin/view (view) in auto mode
#7 58.36 update-alternatives: warning: skip creation of /usr/share/man/man1/view.1.gz because associated file /usr/share/man/man1/mcview.1.gz (of link group view) doesn't exist
#7 58.46 Setting up libmbedx509-0:amd64 (2.16.9-0.1) ...
#7 58.48 Setting up fontconfig-config (2.13.1-4.2) ...
#7 58.70 Setting up libsubunit-dev:amd64 (1.4.0-3) ...
#7 58.72 Setting up libmbedtls12:amd64 (2.16.9-0.1) ...
#7 58.75 Setting up lcov (1.14-2) ...
#7 58.78 Setting up libthai0:amd64 (0.1.28-3) ...
#7 58.80 Setting up libstd-rust-dev:amd64 (1.48.0+dfsg1-2) ...
#7 58.82 Setting up libxml2-dev:amd64 (2.9.10+dfsg-6.7+deb11u4) ...
#7 58.85 Setting up check:amd64 (0.15.2-2) ...
#7 58.87 Setting up libgvpr2:amd64 (2.42.2-5) ...
#7 58.89 Setting up rustc (1.48.0+dfsg1-2) ...
#7 58.92 Setting up clang-tidy-11 (1:11.0.1-2) ...
#7 58.94 Setting up libfontconfig1:amd64 (2.13.1-4.2) ...
#7 58.97 Setting up libsm6:amd64 (2:1.2.3-1) ...
#7 58.99 Setting up fontconfig (2.13.1-4.2) ...
#7 59.01 Regenerating fonts cache... done.
#7 61.04 Setting up libgit2-1.1:amd64 (1.1.0+dfsg.1-4+deb11u1) ...
#7 61.06 Setting up clang-tidy (1:11.0-51+nmu5) ...
#7 61.08 Setting up libpango-1.0-0:amd64 (1.46.2-3) ...
#7 61.10 Setting up libcairo2:amd64 (1.16.0-5) ...
#7 61.13 Setting up cargo (0.47.0-3+b1) ...
#7 61.15 Setting up libgd3:amd64 (2.3.0-2) ...
#7 61.17 Setting up libxt6:amd64 (1:1.2.0-1) ...
#7 61.19 Setting up libpangoft2-1.0-0:amd64 (1.46.2-3) ...
#7 61.21 Setting up libpangocairo-1.0-0:amd64 (1.46.2-3) ...
#7 61.26 Setting up libxmu6:amd64 (2:1.1.2-2+b3) ...
#7 61.29 Setting up libxaw7:amd64 (2:1.0.13-1.1) ...
#7 61.31 Setting up libgvc6 (2.42.2-5) ...
#7 61.36 Setting up graphviz (2.42.2-5) ...
#7 61.39 Processing triggers for mailcap (3.69) ...
#7 61.43 Processing triggers for libc-bin (2.31-13+deb11u6) ...
#7 61.56 + PIP_PACKAGES=(cryptography GitPython hexrec simpleeval)
#7 61.56 + pip3 install cryptography GitPython hexrec simpleeval
#7 62.92 Collecting cryptography
#7 63.06   Downloading cryptography-41.0.0-cp37-abi3-manylinux_2_28_x86_64.whl (4.3 MB)
#7 63.55 Collecting GitPython
#7 63.58   Downloading GitPython-3.1.31-py3-none-any.whl (184 kB)
#7 63.76 Collecting hexrec
#7 63.78   Downloading hexrec-0.3.0-py3-none-any.whl (74 kB)
#7 63.89 Collecting simpleeval
#7 63.93   Downloading simpleeval-0.9.13-py2.py3-none-any.whl (15 kB)
#7 64.37 Collecting cffi>=1.12
#7 64.40   Downloading cffi-1.15.1-cp39-cp39-manylinux_2_17_x86_64.manylinux2014_x86_64.whl (441 kB)
#7 64.44 Requirement already satisfied: pycparser in /usr/local/lib/python3.9/dist-packages (from cffi>=1.12->cryptography) (2.21)
#7 64.53 Collecting gitdb<5,>=4.0.1
#7 64.55   Downloading gitdb-4.0.10-py3-none-any.whl (62 kB)
#7 64.64 Collecting smmap<6,>=3.0.1
#7 64.66   Downloading smmap-5.0.0-py3-none-any.whl (24 kB)
#7 64.77 Collecting Deprecated
#7 64.79   Downloading Deprecated-1.2.14-py2.py3-none-any.whl (9.6 kB)
#7 64.85 Collecting bytesparse>=0.0.6
#7 64.88   Downloading bytesparse-0.0.6-py3-none-any.whl (41 kB)
#7 64.90 Requirement already satisfied: click in /usr/local/lib/python3.9/dist-packages (from hexrec) (8.1.3)
#7 64.92 Requirement already satisfied: wrapt<2,>=1.10 in /usr/local/lib/python3.9/dist-packages (from Deprecated->hexrec) (1.15.0)
#7 65.09 Installing collected packages: smmap, gitdb, Deprecated, cffi, bytesparse, simpleeval, hexrec, GitPython, cryptography
#7 65.53 Successfully installed Deprecated-1.2.14 GitPython-3.1.31 bytesparse-0.0.6 cffi-1.15.1 cryptography-41.0.0 gitdb-4.0.10 hexrec-0.3.0 simpleeval-0.9.13 smmap-5.0.0
#7 65.59 + apt-get clean autoclean
#7 65.60 + apt-get autoremove --yes --purge
#7 65.61 Reading package lists...
#7 66.95 Building dependency tree...
#7 67.41 Reading state information...
#7 67.97 The following packages will be REMOVED:
#7 67.97   libpython2-stdlib* libpython2.7-minimal* libpython2.7-stdlib* python2*
#7 67.97   python2-minimal* python2.7* python2.7-minimal*
#7 68.38 0 upgraded, 0 newly installed, 7 to remove and 0 not upgraded.
#7 68.38 After this operation, 16.2 MB disk space will be freed.
(Reading database ... 43255 files and directories currently installed.)
#7 68.45 Removing python2 (2.7.18-3) ...
#7 68.52 Removing libpython2-stdlib:amd64 (2.7.18-3) ...
#7 68.60 Removing python2.7 (2.7.18-8) ...
#7 68.73 Removing libpython2.7-stdlib:amd64 (2.7.18-8) ...
#7 68.92 Removing python2-minimal (2.7.18-3) ...
#7 69.02 Removing python2.7-minimal (2.7.18-8) ...
#7 69.10 Removing libpython2.7-minimal:amd64 (2.7.18-8) ...
#7 69.18 find: ‘/usr/lib/python2.7’: No such file or directory
#7 69.27 Processing triggers for mailcap (3.69) ...
(Reading database ... 42494 files and directories currently installed.)
#7 69.41 Purging configuration files for libpython2.7-minimal:amd64 (2.7.18-8) ...
#7 69.54 Purging configuration files for python2.7-minimal (2.7.18-8) ...
#7 69.71 + rm -rf /var/lib/apt/lists/auxfiles /var/lib/apt/lists/deb.debian.org_debian_dists_bullseye_InRelease /var/lib/apt/lists/deb.debian.org_debian_dists_bullseye_main_binary-amd64_Packages.lz4 /var/lib/apt/lists/deb.debian.org_debian_dists_bullseye_main_binary-armel_Packages.lz4 /var/lib/apt/lists/deb.debian.org_debian_dists_bullseye_main_binary-armhf_Packages.lz4 /var/lib/apt/lists/deb.debian.org_debian_dists_bullseye_main_binary-i386_Packages.lz4 /var/lib/apt/lists/deb.debian.org_debian_dists_bullseye-updates_InRelease /var/lib/apt/lists/deb.debian.org_debian_dists_bullseye-updates_main_binary-amd64_Packages.lz4 /var/lib/apt/lists/deb.debian.org_debian_dists_bullseye-updates_main_binary-armel_Packages.lz4 /var/lib/apt/lists/deb.debian.org_debian_dists_bullseye-updates_main_binary-armhf_Packages.lz4 /var/lib/apt/lists/deb.debian.org_debian_dists_bullseye-updates_main_binary-i386_Packages.lz4 /var/lib/apt/lists/lock /var/lib/apt/lists/partial /var/lib/apt/lists/security.debian.org_debian-security_dists_bullseye-security_InRelease /var/lib/apt/lists/security.debian.org_debian-security_dists_bullseye-security_main_binary-amd64_Packages.lz4 /var/lib/apt/lists/security.debian.org_debian-security_dists_bullseye-security_main_binary-armel_Packages.lz4 /var/lib/apt/lists/security.debian.org_debian-security_dists_bullseye-security_main_binary-armhf_Packages.lz4 /var/lib/apt/lists/security.debian.org_debian-security_dists_bullseye-security_main_binary-i386_Packages.lz4
#7 69.72 + echo 'Set disable_coredump false'
#7 69.72 + cmake -S /usr/src/gtest -B /tmp/build-gtest -G Ninja
#7 69.81 -- The CXX compiler identification is GNU 10.2.1
#7 69.87 -- The C compiler identification is GNU 10.2.1
#7 69.88 -- Detecting CXX compiler ABI info
#7 69.95 -- Detecting CXX compiler ABI info - done
#7 69.97 -- Check for working CXX compiler: /usr/bin/c++ - skipped
#7 69.97 -- Detecting CXX compile features
#7 69.97 -- Detecting CXX compile features - done
#7 69.97 -- Detecting C compiler ABI info
#7 70.02 -- Detecting C compiler ABI info - done
#7 70.03 -- Check for working C compiler: /usr/bin/cc - skipped
#7 70.03 -- Detecting C compile features
#7 70.03 -- Detecting C compile features - done
#7 70.05 -- Found PythonInterp: /usr/bin/python (found version "3.9.2")
#7 70.05 -- Looking for pthread.h
#7 70.10 -- Looking for pthread.h - found
#7 70.10 -- Performing Test CMAKE_HAVE_LIBC_PTHREAD
#7 70.14 -- Performing Test CMAKE_HAVE_LIBC_PTHREAD - Failed
#7 70.14 -- Looking for pthread_create in pthreads
#7 70.17 -- Looking for pthread_create in pthreads - not found
#7 70.17 -- Looking for pthread_create in pthread
#7 70.21 -- Looking for pthread_create in pthread - found
#7 70.21 -- Found Threads: TRUE
#7 70.21 -- Configuring done
#7 70.22 -- Generating done
#7 70.22 -- Build files have been written to: /tmp/build-gtest
#7 70.22 + ninja -C /tmp/build-gtest
#7 70.22 ninja: Entering directory `/tmp/build-gtest'
#7 70.70 [1/4] Building CXX object CMakeFiles/gtest_main.dir/src/gtest_main.cc.o
#7 72.63 [2/4] Building CXX object CMakeFiles/gtest.dir/src/gtest-all.cc.o
#7 72.66 [3/4] Linking CXX static library lib/libgtest.a
#7 72.67 [4/4] Linking CXX static library lib/libgtest_main.a
#7 72.67 + cp -v /tmp/build-gtest/lib/libgtest.a /tmp/build-gtest/lib/libgtest_main.a /usr/lib/
#7 72.67 '/tmp/build-gtest/lib/libgtest.a' -> '/usr/lib/libgtest.a'
#7 72.67 '/tmp/build-gtest/lib/libgtest_main.a' -> '/usr/lib/libgtest_main.a'
#7 72.67 + rm -r /tmp/build-gtest
#7 72.68 --2023-05-31 13:18:12--  https://github.com/boxboat/fixuid/releases/download/v0.5.1/fixuid-0.5.1-linux-amd64.tar.gz
#7 72.69 Resolving github.com (github.com)... 140.82.121.3
#7 72.71 Connecting to github.com (github.com)|140.82.121.3|:443... connected.
#7 72.82 HTTP request sent, awaiting response... 302 Found
#7 73.06 Location: https://objects.githubusercontent.com/github-production-release-asset-2e65be/97159815/ed5d14de-9b68-4757-9490-3c2f2c9cb6c7?X-Amz-Algorithm=AWS4-HMAC-SHA256&X-Amz-Credential=AKIAIWNJYAX4CSVEH53A%2F20230531%2Fus-east-1%2Fs3%2Faws4_request&X-Amz-Date=20230531T131812Z&X-Amz-Expires=300&X-Amz-Signature=7ee23434ff304fb44f4fb3927281eb2f69567f974ad495b872b1d59a149734a5&X-Amz-SignedHeaders=host&actor_id=0&key_id=0&repo_id=97159815&response-content-disposition=attachment%3B%20filename%3Dfixuid-0.5.1-linux-amd64.tar.gz&response-content-type=application%2Foctet-stream [following]
#7 73.06 --2023-05-31 13:18:12--  https://objects.githubusercontent.com/github-production-release-asset-2e65be/97159815/ed5d14de-9b68-4757-9490-3c2f2c9cb6c7?X-Amz-Algorithm=AWS4-HMAC-SHA256&X-Amz-Credential=AKIAIWNJYAX4CSVEH53A%2F20230531%2Fus-east-1%2Fs3%2Faws4_request&X-Amz-Date=20230531T131812Z&X-Amz-Expires=300&X-Amz-Signature=7ee23434ff304fb44f4fb3927281eb2f69567f974ad495b872b1d59a149734a5&X-Amz-SignedHeaders=host&actor_id=0&key_id=0&repo_id=97159815&response-content-disposition=attachment%3B%20filename%3Dfixuid-0.5.1-linux-amd64.tar.gz&response-content-type=application%2Foctet-stream
#7 73.06 Resolving objects.githubusercontent.com (objects.githubusercontent.com)... 185.199.111.133, 185.199.110.133, 185.199.108.133, ...
#7 73.08 Connecting to objects.githubusercontent.com (objects.githubusercontent.com)|185.199.111.133|:443... connected.
#7 73.12 HTTP request sent, awaiting response... 200 OK
#7 73.47 Length: 2037947 (1.9M) [application/octet-stream]
#7 73.47 Saving to: ‘/tmp/fixuid.gz’
#7 73.47
#7 73.47      0K .......... .......... .......... .......... ..........  2% 2.20M 1s
#7 73.49     50K .......... .......... .......... .......... ..........  5% 3.57M 1s
#7 73.50    100K .......... .......... .......... .......... ..........  7% 2.84M 1s
#7 73.52    150K .......... .......... .......... .......... .......... 10%  312M 0s
#7 73.52    200K .......... .......... .......... .......... .......... 12% 11.8M 0s
#7 73.52    250K .......... .......... .......... .......... .......... 15% 3.26M 0s
#7 73.54    300K .......... .......... .......... .......... .......... 17% 6.11M 0s
#7 73.55    350K .......... .......... .......... .......... .......... 20% 3.56M 0s
#7 73.56    400K .......... .......... .......... .......... .......... 22%  259M 0s
#7 73.56    450K .......... .......... .......... .......... .......... 25%  265M 0s
#7 73.56    500K .......... .......... .......... .......... .......... 27%  188M 0s
#7 73.56    550K .......... .......... .......... .......... .......... 30% 2.67M 0s
#7 73.58    600K .......... .......... .......... .......... .......... 32% 4.27M 0s
#7 73.59    650K .......... .......... .......... .......... .......... 35%  220M 0s
#7 73.59    700K .......... .......... .......... .......... .......... 37%  125M 0s
#7 73.59    750K .......... .......... .......... .......... .......... 40% 8.11M 0s
#7 73.60    800K .......... .......... .......... .......... .......... 42% 7.59M 0s
#7 73.60    850K .......... .......... .......... .......... .......... 45%  238M 0s
#7 73.60    900K .......... .......... .......... .......... .......... 47%  172M 0s
#7 73.60    950K .......... .......... .......... .......... .......... 50%  143M 0s
#7 73.60   1000K .......... .......... .......... .......... .......... 52% 4.15M 0s
#7 73.62   1050K .......... .......... .......... .......... .......... 55%  113M 0s
#7 73.62   1100K .......... .......... .......... .......... .......... 57%  136M 0s
#7 73.62   1150K .......... .......... .......... .......... .......... 60%  138M 0s
#7 73.62   1200K .......... .......... .......... .......... .......... 62% 7.97M 0s
#7 73.62   1250K .......... .......... .......... .......... .......... 65% 5.72M 0s
#7 73.63   1300K .......... .......... .......... .......... .......... 67%  179M 0s
#7 73.63   1350K .......... .......... .......... .......... .......... 70%  164M 0s
#7 73.63   1400K .......... .......... .......... .......... .......... 72%  170M 0s
#7 73.63   1450K .......... .......... .......... .......... .......... 75% 3.61M 0s
#7 73.65   1500K .......... .......... .......... .......... .......... 77%  211M 0s
#7 73.65   1550K .......... .......... .......... .......... .......... 80% 8.30M 0s
#7 73.65   1600K .......... .......... .......... .......... .......... 82%  183M 0s
#7 73.65   1650K .......... .......... .......... .......... .......... 85% 10.1M 0s
#7 73.66   1700K .......... .......... .......... .......... .......... 87%  131M 0s
#7 73.66   1750K .......... .......... .......... .......... .......... 90% 6.96M 0s
#7 73.67   1800K .......... .......... .......... .......... .......... 92%  153M 0s
#7 73.67   1850K .......... .......... .......... .......... .......... 95%  158M 0s
#7 73.67   1900K .......... .......... .......... .......... .......... 97% 4.58M 0s
#7 73.68   1950K .......... .......... .......... ..........           100%  148M=0.2s
#7 73.68
#7 73.68 2023-05-31 13:18:13 (9.24 MB/s) - ‘/tmp/fixuid.gz’ saved [2037947/2037947]
#7 73.68
#7 73.72 /tmp/fixuid.gz: OK
#7 73.76 '/tmp/fixuid/fixuid' -> '/usr/local/bin/fixuid'
#7 DONE 74.1s

#8 [builder 4/4] RUN rm -rf /tmp/install-scripts /var/tmp/*
#8 DONE 0.4s

#9 [stage-1 1/1] COPY --from=builder / /
#9 DONE 10.1s

#10 exporting to image
#10 exporting layers
#10 exporting layers 25.8s done
#10 writing image sha256:fa852856da4da2d730d5ab03a58e3e0d166f97e8c92caebfac6f066df9f6c4b3 done
#10 naming to docker.io/library/trentos_build:20230531 0.0s done
#10 DONE 25.9s
